<!DOCTYPE html PUBLIC "-//W3C//DTD XHTML 1.1//EN" "http://www.w3.org/TR/xhtml11/DTD/xhtml11.dtd">
<html xmlns="http://www.w3.org/1999/xhtml"><head><title>TestNG Report</title><style type="text/css">table {margin-bottom:10px;border-collapse:collapse;empty-cells:show}th,td {border:1px solid #009;padding:.25em .5em}th {vertical-align:bottom}td {vertical-align:top}table a {font-weight:bold}.stripe td {background-color: #E6EBF9}.num {text-align:right}.passedodd td {background-color: #3F3}.passedeven td {background-color: #0A0}.skippedodd td {background-color: #DDD}.skippedeven td {background-color: #CCC}.failedodd td,.attn {background-color: #F33}.failedeven td,.stripe .attn {background-color: #D00}.stacktrace {white-space:pre;font-family:monospace}.totop {font-size:85%;text-align:center;border-bottom:2px solid #000}</style></head><body><table><tr><th>Test</th><th># Passed</th><th># Skipped</th><th># Failed</th><th>Time (ms)</th><th>Included Groups</th><th>Excluded Groups</th></tr><tr><th colspan="7">Ant suite</th></tr><tr><td><a href="#t0">Ant test</a></td><td class="num">7</td><td class="num">0</td><td class="num attn">4</td><td class="num">261,158</td><td></td><td></td></tr></table><table><thead><tr><th>Class</th><th>Method</th><th>Start</th><th>Time (ms)</th></tr></thead><tbody><tr><th colspan="4">Ant suite</th></tr></tbody><tbody id="t0"><tr><th colspan="4">Ant test &#8212; failed</th></tr><tr class="failedeven"><td rowspan="4">com.test1.tests.RTestChrome</td><td><a href="#m0">testSuccessfulLogIn</a></td><td rowspan="4">1467123301157</td><td rowspan="4">14355</td></tr><tr class="failedeven"><td><a href="#m1">testSuccessfulLogIn</a></td></tr><tr class="failedeven"><td><a href="#m2">testSuccessfulLogIn</a></td></tr><tr class="failedeven"><td><a href="#m3">testSuccessfulLogIn</a></td></tr><tr><th colspan="4">Ant test &#8212; passed</th></tr><tr class="passedeven"><td rowspan="7">com.test1.tests.RTestChrome</td><td><a href="#m4">testSuccessfulIssuesFileDownLoad</a></td><td rowspan="1">1467123398435</td><td rowspan="1">7838</td></tr><tr class="passedeven"><td><a href="#m5">testSuccessfulLogIn</a></td><td rowspan="1">1467123283600</td><td rowspan="1">12143</td></tr><tr class="passedeven"><td><a href="#m6">testSuccessfulLogOut</a></td><td rowspan="1">1467123380769</td><td rowspan="1">12008</td></tr><tr class="passedeven"><td><a href="#m7">testSuccessfulNewUserCreationDBcheck</a></td><td rowspan="4">1467123218787</td><td rowspan="4">26559</td></tr><tr class="passedeven"><td><a href="#m8">testSuccessfulNewUserCreationDBcheck</a></td></tr><tr class="passedeven"><td><a href="#m9">testSuccessfulNewUserCreationDBcheck</a></td></tr><tr class="passedeven"><td><a href="#m10">testSuccessfulNewUserCreationDBcheck</a></td></tr></tbody></table><h2>Ant test</h2><h3 id="m0">com.test1.tests.RTestChrome#testSuccessfulLogIn</h3><table class="result"><tr class="param"><th>Parameter #1</th><th>Parameter #2</th></tr><tr class="param stripe"><td>NewParaUser1</td><td>parauser1</td></tr><tr><th colspan="2">Exception</th></tr><tr><td colspan="2"><div class="stacktrace">org.openqa.selenium.NoSuchElementException: no such element: Unable to locate element: {&quot;method&quot;:&quot;css selector&quot;,&quot;selector&quot;:&quot;h1.page-title&quot;}
  (Session info: chrome=51.0.2704.103)
  (Driver info: chromedriver=2.20.353145 (343b531d31eeb933ec778dbcf7081628a1396067),platform=Windows NT 6.1 SP1 x86_64) (WARNING: The server did not provide any stacktrace information)
Command duration or timeout: 10.06 seconds
For documentation on this error, please visit: http://seleniumhq.org/exceptions/no_such_element.html
Build info: version: &apos;2.48.2&apos;, revision: &apos;41bccdd&apos;, time: &apos;2015-10-09 19:59:12&apos;
System info: host: &apos;E5530-2340&apos;, ip: &apos;10.0.0.71&apos;, os.name: &apos;Windows 7&apos;, os.arch: &apos;amd64&apos;, os.version: &apos;6.1&apos;, java.version: &apos;1.8.0_66&apos;
Driver info: org.openqa.selenium.chrome.ChromeDriver
Capabilities [{applicationCacheEnabled=false, rotatable=false, mobileEmulationEnabled=false, chrome={userDataDir=C:\Users\jslee\AppData\Local\Temp\scoped_dir6932_31750}, takesHeapSnapshot=true, databaseEnabled=false, handlesAlerts=true, hasTouchScreen=false, version=51.0.2704.103, platform=XP, browserConnectionEnabled=false, nativeEvents=true, acceptSslCerts=true, locationContextEnabled=true, webStorageEnabled=true, browserName=chrome, takesScreenshot=true, javascriptEnabled=true, cssSelectorsEnabled=true}]
Session ID: a1838f4cda4bdeebf8213b4a315b8dbc
*** Element info: {Using=css selector, value=h1.page-title}
	at org.openqa.selenium.remote.ErrorHandler.createThrowable(ErrorHandler.java:206)
	at org.openqa.selenium.remote.ErrorHandler.throwIfResponseFailed(ErrorHandler.java:158)
	at org.openqa.selenium.remote.RemoteWebDriver.execute(RemoteWebDriver.java:647)
	at org.openqa.selenium.remote.RemoteWebDriver.findElement(RemoteWebDriver.java:353)
	at org.openqa.selenium.remote.RemoteWebDriver.findElementByCssSelector(RemoteWebDriver.java:482)
	at org.openqa.selenium.By$ByCssSelector.findElement(By.java:430)
	at org.openqa.selenium.remote.RemoteWebDriver.findElement(RemoteWebDriver.java:345)
	at com.test1.pages.DefaultLoadingPage.isLogInSuccessful(DefaultLoadingPage.java:33)
	at com.test1.tests.RTestChrome.testSuccessfulLogIn(RTestChrome.java:62)
... Removed 27 stack frames</div></td></tr></table><p class="totop"><a href="#summary">back to summary</a></p><h3 id="m1">com.test1.tests.RTestChrome#testSuccessfulLogIn</h3><table class="result"><tr class="param"><th>Parameter #1</th><th>Parameter #2</th></tr><tr class="param stripe"><td>NewAdminUserTest</td><td>adminuser1</td></tr><tr><th colspan="2">Exception</th></tr><tr><td colspan="2"><div class="stacktrace">org.openqa.selenium.NoSuchElementException: no such element: Unable to locate element: {&quot;method&quot;:&quot;css selector&quot;,&quot;selector&quot;:&quot;h1.page-title&quot;}
  (Session info: chrome=51.0.2704.103)
  (Driver info: chromedriver=2.20.353145 (343b531d31eeb933ec778dbcf7081628a1396067),platform=Windows NT 6.1 SP1 x86_64) (WARNING: The server did not provide any stacktrace information)
Command duration or timeout: 10.04 seconds
For documentation on this error, please visit: http://seleniumhq.org/exceptions/no_such_element.html
Build info: version: &apos;2.48.2&apos;, revision: &apos;41bccdd&apos;, time: &apos;2015-10-09 19:59:12&apos;
System info: host: &apos;E5530-2340&apos;, ip: &apos;10.0.0.71&apos;, os.name: &apos;Windows 7&apos;, os.arch: &apos;amd64&apos;, os.version: &apos;6.1&apos;, java.version: &apos;1.8.0_66&apos;
Driver info: org.openqa.selenium.chrome.ChromeDriver
Capabilities [{applicationCacheEnabled=false, rotatable=false, mobileEmulationEnabled=false, chrome={userDataDir=C:\Users\jslee\AppData\Local\Temp\scoped_dir1100_17005}, takesHeapSnapshot=true, databaseEnabled=false, handlesAlerts=true, hasTouchScreen=false, version=51.0.2704.103, platform=XP, browserConnectionEnabled=false, nativeEvents=true, acceptSslCerts=true, locationContextEnabled=true, webStorageEnabled=true, browserName=chrome, takesScreenshot=true, javascriptEnabled=true, cssSelectorsEnabled=true}]
Session ID: 4af46cd9e6d7144b4cba9f7d6c58ab79
*** Element info: {Using=css selector, value=h1.page-title}
	at org.openqa.selenium.remote.ErrorHandler.createThrowable(ErrorHandler.java:206)
	at org.openqa.selenium.remote.ErrorHandler.throwIfResponseFailed(ErrorHandler.java:158)
	at org.openqa.selenium.remote.RemoteWebDriver.execute(RemoteWebDriver.java:647)
	at org.openqa.selenium.remote.RemoteWebDriver.findElement(RemoteWebDriver.java:353)
	at org.openqa.selenium.remote.RemoteWebDriver.findElementByCssSelector(RemoteWebDriver.java:482)
	at org.openqa.selenium.By$ByCssSelector.findElement(By.java:430)
	at org.openqa.selenium.remote.RemoteWebDriver.findElement(RemoteWebDriver.java:345)
	at com.test1.pages.DefaultLoadingPage.isLogInSuccessful(DefaultLoadingPage.java:33)
	at com.test1.tests.RTestChrome.testSuccessfulLogIn(RTestChrome.java:62)
... Removed 27 stack frames</div></td></tr></table><p class="totop"><a href="#summary">back to summary</a></p><h3 id="m2">com.test1.tests.RTestChrome#testSuccessfulLogIn</h3><table class="result"><tr class="param"><th>Parameter #1</th><th>Parameter #2</th></tr><tr class="param stripe"><td>NewClientUser</td><td>clientuser1</td></tr><tr><th colspan="2">Exception</th></tr><tr><td colspan="2"><div class="stacktrace">org.openqa.selenium.NoSuchElementException: no such element: Unable to locate element: {&quot;method&quot;:&quot;css selector&quot;,&quot;selector&quot;:&quot;h1.page-title&quot;}
  (Session info: chrome=51.0.2704.103)
  (Driver info: chromedriver=2.20.353145 (343b531d31eeb933ec778dbcf7081628a1396067),platform=Windows NT 6.1 SP1 x86_64) (WARNING: The server did not provide any stacktrace information)
Command duration or timeout: 10.03 seconds
For documentation on this error, please visit: http://seleniumhq.org/exceptions/no_such_element.html
Build info: version: &apos;2.48.2&apos;, revision: &apos;41bccdd&apos;, time: &apos;2015-10-09 19:59:12&apos;
System info: host: &apos;E5530-2340&apos;, ip: &apos;10.0.0.71&apos;, os.name: &apos;Windows 7&apos;, os.arch: &apos;amd64&apos;, os.version: &apos;6.1&apos;, java.version: &apos;1.8.0_66&apos;
Driver info: org.openqa.selenium.chrome.ChromeDriver
Capabilities [{applicationCacheEnabled=false, rotatable=false, mobileEmulationEnabled=false, chrome={userDataDir=C:\Users\jslee\AppData\Local\Temp\scoped_dir6152_2193}, takesHeapSnapshot=true, databaseEnabled=false, handlesAlerts=true, hasTouchScreen=false, version=51.0.2704.103, platform=XP, browserConnectionEnabled=false, nativeEvents=true, acceptSslCerts=true, locationContextEnabled=true, webStorageEnabled=true, browserName=chrome, takesScreenshot=true, javascriptEnabled=true, cssSelectorsEnabled=true}]
Session ID: 2159fcd26f0f6803952e5cf25baee951
*** Element info: {Using=css selector, value=h1.page-title}
	at org.openqa.selenium.remote.ErrorHandler.createThrowable(ErrorHandler.java:206)
	at org.openqa.selenium.remote.ErrorHandler.throwIfResponseFailed(ErrorHandler.java:158)
	at org.openqa.selenium.remote.RemoteWebDriver.execute(RemoteWebDriver.java:647)
	at org.openqa.selenium.remote.RemoteWebDriver.findElement(RemoteWebDriver.java:353)
	at org.openqa.selenium.remote.RemoteWebDriver.findElementByCssSelector(RemoteWebDriver.java:482)
	at org.openqa.selenium.By$ByCssSelector.findElement(By.java:430)
	at org.openqa.selenium.remote.RemoteWebDriver.findElement(RemoteWebDriver.java:345)
	at com.test1.pages.DefaultLoadingPage.isLogInSuccessful(DefaultLoadingPage.java:33)
	at com.test1.tests.RTestChrome.testSuccessfulLogIn(RTestChrome.java:62)
... Removed 27 stack frames</div></td></tr></table><p class="totop"><a href="#summary">back to summary</a></p><h3 id="m3">com.test1.tests.RTestChrome#testSuccessfulLogIn</h3><table class="result"><tr class="param"><th>Parameter #1</th><th>Parameter #2</th></tr><tr class="param stripe"><td>NewDataEntryUser</td><td>dataentryuser1</td></tr><tr><th colspan="2">Exception</th></tr><tr><td colspan="2"><div class="stacktrace">org.openqa.selenium.NoSuchElementException: no such element: Unable to locate element: {&quot;method&quot;:&quot;css selector&quot;,&quot;selector&quot;:&quot;h1.page-title&quot;}
  (Session info: chrome=51.0.2704.103)
  (Driver info: chromedriver=2.20.353145 (343b531d31eeb933ec778dbcf7081628a1396067),platform=Windows NT 6.1 SP1 x86_64) (WARNING: The server did not provide any stacktrace information)
Command duration or timeout: 10.06 seconds
For documentation on this error, please visit: http://seleniumhq.org/exceptions/no_such_element.html
Build info: version: &apos;2.48.2&apos;, revision: &apos;41bccdd&apos;, time: &apos;2015-10-09 19:59:12&apos;
System info: host: &apos;E5530-2340&apos;, ip: &apos;10.0.0.71&apos;, os.name: &apos;Windows 7&apos;, os.arch: &apos;amd64&apos;, os.version: &apos;6.1&apos;, java.version: &apos;1.8.0_66&apos;
Driver info: org.openqa.selenium.chrome.ChromeDriver
Capabilities [{applicationCacheEnabled=false, rotatable=false, mobileEmulationEnabled=false, chrome={userDataDir=C:\Users\jslee\AppData\Local\Temp\scoped_dir3460_13855}, takesHeapSnapshot=true, databaseEnabled=false, handlesAlerts=true, hasTouchScreen=false, version=51.0.2704.103, platform=XP, browserConnectionEnabled=false, nativeEvents=true, acceptSslCerts=true, locationContextEnabled=true, webStorageEnabled=true, browserName=chrome, takesScreenshot=true, javascriptEnabled=true, cssSelectorsEnabled=true}]
Session ID: 028563ca80d3099a670388de9c7c5d10
*** Element info: {Using=css selector, value=h1.page-title}
	at org.openqa.selenium.remote.ErrorHandler.createThrowable(ErrorHandler.java:206)
	at org.openqa.selenium.remote.ErrorHandler.throwIfResponseFailed(ErrorHandler.java:158)
	at org.openqa.selenium.remote.RemoteWebDriver.execute(RemoteWebDriver.java:647)
	at org.openqa.selenium.remote.RemoteWebDriver.findElement(RemoteWebDriver.java:353)
	at org.openqa.selenium.remote.RemoteWebDriver.findElementByCssSelector(RemoteWebDriver.java:482)
	at org.openqa.selenium.By$ByCssSelector.findElement(By.java:430)
	at org.openqa.selenium.remote.RemoteWebDriver.findElement(RemoteWebDriver.java:345)
	at com.test1.pages.DefaultLoadingPage.isLogInSuccessful(DefaultLoadingPage.java:33)
	at com.test1.tests.RTestChrome.testSuccessfulLogIn(RTestChrome.java:62)
... Removed 27 stack frames</div></td></tr></table><p class="totop"><a href="#summary">back to summary</a></p><h3 id="m4">com.test1.tests.RTestChrome#testSuccessfulIssuesFileDownLoad</h3><table class="result"><tr class="param"><th>Parameter #1</th><th>Parameter #2</th><th>Parameter #3</th><th>Parameter #4</th></tr><tr class="param stripe"><td>Richmond</td><td>123456</td><td>C:\\testfolder\\SeleniumDownloads</td><td>Richmond County.docx</td></tr></table><p class="totop"><a href="#summary">back to summary</a></p><h3 id="m5">com.test1.tests.RTestChrome#testSuccessfulLogIn</h3><table class="result"><tr class="param"><th>Parameter #1</th><th>Parameter #2</th></tr><tr class="param stripe"><td>Richmond</td><td>123456</td></tr></table><p class="totop"><a href="#summary">back to summary</a></p><h3 id="m6">com.test1.tests.RTestChrome#testSuccessfulLogOut</h3><table class="result"><tr class="param"><th>Parameter #1</th><th>Parameter #2</th></tr><tr class="param stripe"><td>Richmond</td><td>123456</td></tr></table><p class="totop"><a href="#summary">back to summary</a></p><h3 id="m7">com.test1.tests.RTestChrome#testSuccessfulNewUserCreationDBcheck</h3><table class="result"><tr class="param"><th>Parameter #1</th><th>Parameter #2</th><th>Parameter #3</th><th>Parameter #4</th><th>Parameter #5</th><th>Parameter #6</th><th>Parameter #7</th><th>Parameter #8</th><th>Parameter #9</th><th>Parameter #10</th><th>Parameter #11</th></tr><tr class="param stripe"><td>Jason Lee</td><td>password1</td><td>NewClientUser</td><td>Active</td><td>Client</td><td>678.444.5555</td><td>newclientuser@testing.com</td><td>clientuser1</td><td>clientuser1</td><td>C:\\testfolder\\</td><td>clientuser1.jpg</td></tr></table><p class="totop"><a href="#summary">back to summary</a></p><h3 id="m8">com.test1.tests.RTestChrome#testSuccessfulNewUserCreationDBcheck</h3><table class="result"><tr class="param"><th>Parameter #1</th><th>Parameter #2</th><th>Parameter #3</th><th>Parameter #4</th><th>Parameter #5</th><th>Parameter #6</th><th>Parameter #7</th><th>Parameter #8</th><th>Parameter #9</th><th>Parameter #10</th><th>Parameter #11</th></tr><tr class="param stripe"><td>Jason Lee</td><td>password1</td><td>NewDataEntryUser</td><td>Active</td><td>Data Entry</td><td>770.999.3456</td><td>newdataentryuser@testing.com</td><td>dataentryuser1</td><td>dataentryuser1</td><td>C:\\testfolder\\</td><td>dataentryuser1.jpg</td></tr></table><p class="totop"><a href="#summary">back to summary</a></p><h3 id="m9">com.test1.tests.RTestChrome#testSuccessfulNewUserCreationDBcheck</h3><table class="result"><tr class="param"><th>Parameter #1</th><th>Parameter #2</th><th>Parameter #3</th><th>Parameter #4</th><th>Parameter #5</th><th>Parameter #6</th><th>Parameter #7</th><th>Parameter #8</th><th>Parameter #9</th><th>Parameter #10</th><th>Parameter #11</th></tr><tr class="param stripe"><td>Jason Lee</td><td>password1</td><td>NewAdminUserTest</td><td>Active</td><td>Admin</td><td>404.222.3333</td><td>newadminusertest@testing.com</td><td>adminuser1</td><td>adminuser1</td><td>C:\\testfolder\\</td><td>admin1.jpg</td></tr></table><p class="totop"><a href="#summary">back to summary</a></p><h3 id="m10">com.test1.tests.RTestChrome#testSuccessfulNewUserCreationDBcheck</h3><table class="result"><tr class="param"><th>Parameter #1</th><th>Parameter #2</th><th>Parameter #3</th><th>Parameter #4</th><th>Parameter #5</th><th>Parameter #6</th><th>Parameter #7</th><th>Parameter #8</th><th>Parameter #9</th><th>Parameter #10</th><th>Parameter #11</th></tr><tr class="param stripe"><td>Jason Lee</td><td>password1</td><td>NewParaUser1</td><td>Active</td><td>Paralegal</td><td>770.111.2222</td><td>newparauser1@testing.com</td><td>parauser1</td><td>parauser1</td><td>C:\\testfolder\\</td><td>parauser1.jpg</td></tr></table><p class="totop"><a href="#summary">back to summary</a></p></body></html>