<!DOCTYPE html>

<html>
  <head>
  <title>TestNG reports</title>

    <link type="text/css" href="testng-reports.css" rel="stylesheet" />  
    <script type="text/javascript" src="jquery-1.7.1.min.js"></script>
    <script type="text/javascript" src="testng-reports.js"></script>
    <script type="text/javascript" src="https://www.google.com/jsapi"></script>
    <script type='text/javascript'>
      google.load('visualization', '1', {packages:['table']});
      google.setOnLoadCallback(drawTable);
      var suiteTableInitFunctions = new Array();
      var suiteTableData = new Array();
    </script>
    <!--
      <script type="text/javascript" src="jquery-ui/js/jquery-ui-1.8.16.custom.min.js"></script>
     -->
  </head>

  <body>
    <div class="top-banner-root">
      <span class="top-banner-title-font">Test results</span>
      <br/>
      <span class="top-banner-font-1">1 suite, 10 failed tests</span>
    </div> <!-- top-banner-root -->
    <div class="navigator-root">
      <div class="navigator-suite-header">
        <span>All suites</span>
        <a href="#" class="collapse-all-link" title="Collapse/expand all the suites">
          <img class="collapse-all-icon" src="collapseall.gif">
          </img> <!-- collapse-all-icon -->
        </a> <!-- collapse-all-link -->
      </div> <!-- navigator-suite-header -->
      <div class="suite">
        <div class="rounded-window">
          <div class="suite-header light-rounded-window-top">
            <a href="#" class="navigator-link" panel-name="suite-Ant_suite">
              <span class="suite-name border-failed">Ant suite</span>
            </a> <!-- navigator-link -->
          </div> <!-- suite-header light-rounded-window-top -->
          <div class="navigator-suite-content">
            <div class="suite-section-title">
              <span>Info</span>
            </div> <!-- suite-section-title -->
            <div class="suite-section-content">
              <ul>
                <li>
                  <a href="#" class="navigator-link " panel-name="test-xml-Ant_suite">
                    <span>[unset file name]</span>
                  </a> <!-- navigator-link  -->
                </li>
                <li>
                  <a href="#" class="navigator-link " panel-name="testlist-Ant_suite">
                    <span class="test-stats">1 test</span>
                  </a> <!-- navigator-link  -->
                </li>
                <li>
                  <a href="#" class="navigator-link " panel-name="group-Ant_suite">
                    <span>0 groups</span>
                  </a> <!-- navigator-link  -->
                </li>
                <li>
                  <a href="#" class="navigator-link " panel-name="times-Ant_suite">
                    <span>Times</span>
                  </a> <!-- navigator-link  -->
                </li>
                <li>
                  <a href="#" class="navigator-link " panel-name="reporter-Ant_suite">
                    <span>Reporter output</span>
                  </a> <!-- navigator-link  -->
                </li>
                <li>
                  <a href="#" class="navigator-link " panel-name="ignored-methods-Ant_suite">
                    <span>Ignored methods</span>
                  </a> <!-- navigator-link  -->
                </li>
                <li>
                  <a href="#" class="navigator-link " panel-name="chronological-Ant_suite">
                    <span>Chronological view</span>
                  </a> <!-- navigator-link  -->
                </li>
              </ul>
            </div> <!-- suite-section-content -->
            <div class="result-section">
              <div class="suite-section-title">
                <span>Results</span>
              </div> <!-- suite-section-title -->
              <div class="suite-section-content">
                <ul>
                  <li>
                    <span class="method-stats">24 methods, 10 failed,   14 passed</span>
                  </li>
                  <li>
                    <span class="method-list-title failed">Failed methods</span>
                    <span class="show-or-hide-methods failed">
                      <a href="#" panel-name="suite-Ant_suite" class="hide-methods failed suite-Ant_suite"> (hide)</a> <!-- hide-methods failed suite-Ant_suite -->
                      <a href="#" panel-name="suite-Ant_suite" class="show-methods failed suite-Ant_suite"> (show)</a> <!-- show-methods failed suite-Ant_suite -->
                    </span>
                    <div class="method-list-content failed suite-Ant_suite">
                      <span>
                        <img width="3%" src="failed.png"/>
                        <a href="#" class="method navigator-link" panel-name="suite-Ant_suite" title="com.test1.tests.RTestChrome" hash-for-method="testSuccessfulAddAttachmentDBcheck(Client7.6.16B, Jason Lee, password1, 7.6.16003, attachDoc4, C:\\testfolder\\, golgo13.PNG)">testSuccessfulAddAttachmentDBcheck(Client7.6.16B, Jason Lee, password1, 7.6.16003, attachDoc4, C:\\testfolder\\, golgo13.PNG)</a> <!-- method navigator-link -->
                      </span>
                      <br/>
                      <span>
                        <img width="3%" src="failed.png"/>
                        <a href="#" class="method navigator-link" panel-name="suite-Ant_suite" title="com.test1.tests.RTestChrome" hash-for-method="testSuccessfulAddAttachmentDBcheck(Client7.6.16B, Jason Lee, password1, 7.6.16004, addRock4, C:\\testfolder\\, rock1.jpg)">testSuccessfulAddAttachmentDBcheck(Client7.6.16B, Jason Lee, password1, 7.6.16004, addRock4, C:\\testfolder\\, rock1.jpg)</a> <!-- method navigator-link -->
                      </span>
                      <br/>
                      <span>
                        <img width="3%" src="failed.png"/>
                        <a href="#" class="method navigator-link" panel-name="suite-Ant_suite" title="com.test1.tests.RTestChrome" hash-for-method="testSuccessfulAddAttachmentDBcheck(Client7.6.16C, Jason Lee, password1, 7.6.16002, addingAttach4, C:\\testfolder\\, gb1.jpg)">testSuccessfulAddAttachmentDBcheck(Client7.6.16C, Jason Lee, password1, 7.6.16002, addingAttach4, C:\\testfolder\\, gb1.jpg)</a> <!-- method navigator-link -->
                      </span>
                      <br/>
                      <span>
                        <img width="3%" src="failed.png"/>
                        <a href="#" class="method navigator-link" panel-name="suite-Ant_suite" title="com.test1.tests.RTestChrome" hash-for-method="testSuccessfulAdminAddAttachment(Client7.6.16C, Jason Lee, password1, 7.6.16001, attaching1, C:\\testfolder\\, kiar3.jpg)">testSuccessfulAdminAddAttachment(Client7.6.16C, Jason Lee, password1, 7.6.16001, attaching1, C:\\testfolder\\, kiar3.jpg)</a> <!-- method navigator-link -->
                      </span>
                      <br/>
                      <span>
                        <img width="3%" src="failed.png"/>
                        <a href="#" class="method navigator-link" panel-name="suite-Ant_suite" title="com.test1.tests.RTestChrome" hash-for-method="testSuccessfulAdminAddAttachment(Client7.6.16C, Jason Lee, password1, 7.6.16001, addingAttach22, C:\\testfolder\\, rock1.jpg)">testSuccessfulAdminAddAttachment(Client7.6.16C, Jason Lee, password1, 7.6.16001, addingAttach22, C:\\testfolder\\, rock1.jpg)</a> <!-- method navigator-link -->
                      </span>
                      <br/>
                      <span>
                        <img width="3%" src="failed.png"/>
                        <a href="#" class="method navigator-link" panel-name="suite-Ant_suite" title="com.test1.tests.RTestChrome" hash-for-method="testSuccessfulAdminAddAttachment(Client7.6.16C, Jason Lee, password1, 7.6.16001, attach001, C:\\testfolder\\, gb3.jpg)">testSuccessfulAdminAddAttachment(Client7.6.16C, Jason Lee, password1, 7.6.16001, attach001, C:\\testfolder\\, gb3.jpg)</a> <!-- method navigator-link -->
                      </span>
                      <br/>
                      <span>
                        <img width="3%" src="failed.png"/>
                        <a href="#" class="method navigator-link" panel-name="suite-Ant_suite" title="com.test1.tests.RTestChrome" hash-for-method="testSuccessfulAdminAddAttachment(Client7.6.16C, Jason Lee, password1, 7.6.16001, addingDocCCC, C:\\testfolder\\, TestCertInput1.xlsx)">testSuccessfulAdminAddAttachment(Client7.6.16C, Jason Lee, password1, 7.6.16001, addingDocCCC, C:\\testfolder\\, TestCertInput1.xlsx)</a> <!-- method navigator-link -->
                      </span>
                      <br/>
                      <span>
                        <img width="3%" src="failed.png"/>
                        <a href="#" class="method navigator-link" panel-name="suite-Ant_suite" title="com.test1.tests.RTestChrome" hash-for-method="testSuccessfulImportFileToClient(Jason Lee, password1, Client7.6.16B, Nov 28 2016, C:\\testfolder\\uploadfiles\\, Import7.6D.xlsx, 7....)">testSuccessfulImportFileToClient(Jason Lee, password1, Client7.6.16B, Nov 28 2016, C:\\testfolder\\uploadfiles\\, Import7.6D.xlsx, 7....)</a> <!-- method navigator-link -->
                      </span>
                      <br/>
                      <span>
                        <img width="3%" src="failed.png"/>
                        <a href="#" class="method navigator-link" panel-name="suite-Ant_suite" title="com.test1.tests.RTestChrome" hash-for-method="testSuccessfulImportFileToClient(Jason Lee, password1, Client7.6.16C, Dec 28 2016, C:\\testfolder\\uploadfiles\\, Import7.6C.xlsx, 7....)">testSuccessfulImportFileToClient(Jason Lee, password1, Client7.6.16C, Dec 28 2016, C:\\testfolder\\uploadfiles\\, Import7.6C.xlsx, 7....)</a> <!-- method navigator-link -->
                      </span>
                      <br/>
                      <span>
                        <img width="3%" src="failed.png"/>
                        <a href="#" class="method navigator-link" panel-name="suite-Ant_suite" title="com.test1.tests.RTestChrome" hash-for-method="testSuccessfulSumSheetDownLoadFiref(NewClientUserD0, password1, 7.6.16003, C:\\testfolder\\SeleniumDownloads, golgo13.PNG)">testSuccessfulSumSheetDownLoadFiref(NewClientUserD0, password1, 7.6.16003, C:\\testfolder\\SeleniumDownloads, golgo13.PNG)</a> <!-- method navigator-link -->
                      </span>
                      <br/>
                    </div> <!-- method-list-content failed suite-Ant_suite -->
                  </li>
                  <li>
                    <span class="method-list-title passed">Passed methods</span>
                    <span class="show-or-hide-methods passed">
                      <a href="#" panel-name="suite-Ant_suite" class="hide-methods passed suite-Ant_suite"> (hide)</a> <!-- hide-methods passed suite-Ant_suite -->
                      <a href="#" panel-name="suite-Ant_suite" class="show-methods passed suite-Ant_suite"> (show)</a> <!-- show-methods passed suite-Ant_suite -->
                    </span>
                    <div class="method-list-content passed suite-Ant_suite">
                      <span>
                        <img width="3%" src="passed.png"/>
                        <a href="#" class="method navigator-link" panel-name="suite-Ant_suite" title="com.test1.tests.RTestChrome" hash-for-method="testSuccessfulLogIn(NewAdminUserD0, password1)">testSuccessfulLogIn(NewAdminUserD0, password1)</a> <!-- method navigator-link -->
                      </span>
                      <br/>
                      <span>
                        <img width="3%" src="passed.png"/>
                        <a href="#" class="method navigator-link" panel-name="suite-Ant_suite" title="com.test1.tests.RTestChrome" hash-for-method="testSuccessfulLogIn(NewParaUserD0, password1)">testSuccessfulLogIn(NewParaUserD0, password1)</a> <!-- method navigator-link -->
                      </span>
                      <br/>
                      <span>
                        <img width="3%" src="passed.png"/>
                        <a href="#" class="method navigator-link" panel-name="suite-Ant_suite" title="com.test1.tests.RTestChrome" hash-for-method="testSuccessfulLogIn(NewDataEntryUserD0, password1)">testSuccessfulLogIn(NewDataEntryUserD0, password1)</a> <!-- method navigator-link -->
                      </span>
                      <br/>
                      <span>
                        <img width="3%" src="passed.png"/>
                        <a href="#" class="method navigator-link" panel-name="suite-Ant_suite" title="com.test1.tests.RTestChrome" hash-for-method="testSuccessfulLogIn(NewClientUserD0, password1)">testSuccessfulLogIn(NewClientUserD0, password1)</a> <!-- method navigator-link -->
                      </span>
                      <br/>
                      <span>
                        <img width="3%" src="passed.png"/>
                        <a href="#" class="method navigator-link" panel-name="suite-Ant_suite" title="com.test1.tests.RTestChrome" hash-for-method="testSuccessfulLogOut(NewClientUserD0, password1)">testSuccessfulLogOut(NewClientUserD0, password1)</a> <!-- method navigator-link -->
                      </span>
                      <br/>
                      <span>
                        <img width="3%" src="passed.png"/>
                        <a href="#" class="method navigator-link" panel-name="suite-Ant_suite" title="com.test1.tests.RTestChrome" hash-for-method="testSuccessfulNewAdminUserCreationDBcheck(sysadmin, 123456, Jason Lee, Active, Admin, nothing, 777.123.2222, jasonadmin@admintesting.com, pass...)">testSuccessfulNewAdminUserCreationDBcheck(sysadmin, 123456, Jason Lee, Active, Admin, nothing, 777.123.2222, jasonadmin@admintesting.com, pass...)</a> <!-- method navigator-link -->
                      </span>
                      <br/>
                      <span>
                        <img width="3%" src="passed.png"/>
                        <a href="#" class="method navigator-link" panel-name="suite-Ant_suite" title="com.test1.tests.RTestChrome" hash-for-method="testSuccessfulNewClientCreation(Jason Lee, password1, Client7.6.16A, 779-111-9990, 123, 1222 H Street Dr., Doraville, GA, 30023)">testSuccessfulNewClientCreation(Jason Lee, password1, Client7.6.16A, 779-111-9990, 123, 1222 H Street Dr., Doraville, GA, 30023)</a> <!-- method navigator-link -->
                      </span>
                      <br/>
                      <span>
                        <img width="3%" src="passed.png"/>
                        <a href="#" class="method navigator-link" panel-name="suite-Ant_suite" title="com.test1.tests.RTestChrome" hash-for-method="testSuccessfulNewClientCreation(Jason Lee, password1, Client7.6.16B, 123-990-1230, 0, 1899 Small Road Dr., Avondale, GA, 23004)">testSuccessfulNewClientCreation(Jason Lee, password1, Client7.6.16B, 123-990-1230, 0, 1899 Small Road Dr., Avondale, GA, 23004)</a> <!-- method navigator-link -->
                      </span>
                      <br/>
                      <span>
                        <img width="3%" src="passed.png"/>
                        <a href="#" class="method navigator-link" panel-name="suite-Ant_suite" title="com.test1.tests.RTestChrome" hash-for-method="testSuccessfulNewClientCreationDBcheck(Jason Lee, password1, Client7.6.16C, 404-111-2220, 1234, 400 Dog Town Dr., Atlanta, GA, 32299)">testSuccessfulNewClientCreationDBcheck(Jason Lee, password1, Client7.6.16C, 404-111-2220, 1234, 400 Dog Town Dr., Atlanta, GA, 32299)</a> <!-- method navigator-link -->
                      </span>
                      <br/>
                      <span>
                        <img width="3%" src="passed.png"/>
                        <a href="#" class="method navigator-link" panel-name="suite-Ant_suite" title="com.test1.tests.RTestChrome" hash-for-method="testSuccessfulNewClientCreationDBcheck(Jason Lee, password1, Client7.6.16D, 678-33-4440, 4562, 200 H St., Marietta, GA, 30022)">testSuccessfulNewClientCreationDBcheck(Jason Lee, password1, Client7.6.16D, 678-33-4440, 4562, 200 H St., Marietta, GA, 30022)</a> <!-- method navigator-link -->
                      </span>
                      <br/>
                      <span>
                        <img width="3%" src="passed.png"/>
                        <a href="#" class="method navigator-link" panel-name="suite-Ant_suite" title="com.test1.tests.RTestChrome" hash-for-method="testSuccessfulNewUserCreate(Jason Lee, password1, NewDataEntryUserD0, Active, Data Entry, nothing, 774.999.3456, newdataentryuse...)">testSuccessfulNewUserCreate(Jason Lee, password1, NewDataEntryUserD0, Active, Data Entry, nothing, 774.999.3456, newdataentryuse...)</a> <!-- method navigator-link -->
                      </span>
                      <br/>
                      <span>
                        <img width="3%" src="passed.png"/>
                        <a href="#" class="method navigator-link" panel-name="suite-Ant_suite" title="com.test1.tests.RTestChrome" hash-for-method="testSuccessfulNewUserCreate(Jason Lee, password1, NewClientUserD0, Active, Client, Client7.6.16B, 770.330.1111, newclientAA@user...)">testSuccessfulNewUserCreate(Jason Lee, password1, NewClientUserD0, Active, Client, Client7.6.16B, 770.330.1111, newclientAA@user...)</a> <!-- method navigator-link -->
                      </span>
                      <br/>
                      <span>
                        <img width="3%" src="passed.png"/>
                        <a href="#" class="method navigator-link" panel-name="suite-Ant_suite" title="com.test1.tests.RTestChrome" hash-for-method="testSuccessfulNewUserCreationDBcheck(Jason Lee, password1, NewParaUserD0, Active, Paralegal, nothing, 771.111.2222, parauserAA@testing.co...)">testSuccessfulNewUserCreationDBcheck(Jason Lee, password1, NewParaUserD0, Active, Paralegal, nothing, 771.111.2222, parauserAA@testing.co...)</a> <!-- method navigator-link -->
                      </span>
                      <br/>
                      <span>
                        <img width="3%" src="passed.png"/>
                        <a href="#" class="method navigator-link" panel-name="suite-Ant_suite" title="com.test1.tests.RTestChrome" hash-for-method="testSuccessfulNewUserCreationDBcheck(Jason Lee, password1, NewAdminUserD0, Active, Admin, nothing, 402.222.3333, newadminuserAA@testing.c...)">testSuccessfulNewUserCreationDBcheck(Jason Lee, password1, NewAdminUserD0, Active, Admin, nothing, 402.222.3333, newadminuserAA@testing.c...)</a> <!-- method navigator-link -->
                      </span>
                      <br/>
                    </div> <!-- method-list-content passed suite-Ant_suite -->
                  </li>
                </ul>
              </div> <!-- suite-section-content -->
            </div> <!-- result-section -->
          </div> <!-- navigator-suite-content -->
        </div> <!-- rounded-window -->
      </div> <!-- suite -->
    </div> <!-- navigator-root -->
    <div class="wrapper">
      <div class="main-panel-root">
        <div panel-name="suite-Ant_suite" class="panel Ant_suite">
          <div class="suite-Ant_suite-class-failed">
            <div class="main-panel-header rounded-window-top">
              <img src="failed.png"/>
              <span class="class-name">com.test1.tests.RTestChrome</span>
            </div> <!-- main-panel-header rounded-window-top -->
            <div class="main-panel-content rounded-window-bottom">
              <div class="method">
                <div class="method-content">
                  <a name="testSuccessfulAddAttachmentDBcheck(Client7.6.16B, Jason Lee, password1, 7.6.16003, attachDoc4, C:\\testfolder\\, golgo13.PNG)">
                  </a> <!-- testSuccessfulAddAttachmentDBcheck(Client7.6.16B, Jason Lee, password1, 7.6.16003, attachDoc4, C:\\testfolder\\, golgo13.PNG) -->
                  <span class="method-name">testSuccessfulAddAttachmentDBcheck</span>
                  <span class="parameters">(Client7.6.16B, Jason Lee, password1, 7.6.16003, attachDoc4, C:\\testfolder\\, golgo13.PNG)</span>
                  <div class="stack-trace">org.openqa.selenium.NoSuchElementException: no such element: Unable to locate element: {&quot;method&quot;:&quot;link text&quot;,&quot;selector&quot;:&quot;7.6.16003&quot;}
  (Session info: chrome=51.0.2704.103)
  (Driver info: chromedriver=2.20.353145 (343b531d31eeb933ec778dbcf7081628a1396067),platform=Windows NT 6.1 SP1 x86_64) (WARNING: The server did not provide any stacktrace information)
Command duration or timeout: 10.09 seconds
For documentation on this error, please visit: http://seleniumhq.org/exceptions/no_such_element.html
Build info: version: &apos;2.48.2&apos;, revision: &apos;41bccdd&apos;, time: &apos;2015-10-09 19:59:12&apos;
System info: host: &apos;E5530-2340&apos;, ip: &apos;10.0.0.84&apos;, os.name: &apos;Windows 7&apos;, os.arch: &apos;amd64&apos;, os.version: &apos;6.1&apos;, java.version: &apos;1.8.0_66&apos;
Driver info: org.openqa.selenium.chrome.ChromeDriver
Capabilities [{applicationCacheEnabled=false, rotatable=false, mobileEmulationEnabled=false, chrome={userDataDir=C:\Users\jslee\AppData\Local\Temp\scoped_dir8120_32603}, takesHeapSnapshot=true, databaseEnabled=false, handlesAlerts=true, hasTouchScreen=false, version=51.0.2704.103, platform=XP, browserConnectionEnabled=false, nativeEvents=true, acceptSslCerts=true, locationContextEnabled=true, webStorageEnabled=true, browserName=chrome, takesScreenshot=true, javascriptEnabled=true, cssSelectorsEnabled=true}]
Session ID: 394f8cf701382bc4f274b9f81bd64383
*** Element info: {Using=link text, value=7.6.16003}
	at org.openqa.selenium.remote.ErrorHandler.createThrowable(ErrorHandler.java:206)
	at org.openqa.selenium.remote.ErrorHandler.throwIfResponseFailed(ErrorHandler.java:158)
	at org.openqa.selenium.remote.RemoteWebDriver.execute(RemoteWebDriver.java:647)
	at org.openqa.selenium.remote.RemoteWebDriver.findElement(RemoteWebDriver.java:353)
	at org.openqa.selenium.remote.RemoteWebDriver.findElementByLinkText(RemoteWebDriver.java:418)
	at org.openqa.selenium.By$ByLinkText.findElement(By.java:246)
	at org.openqa.selenium.remote.RemoteWebDriver.findElement(RemoteWebDriver.java:345)
	at com.test1.pages.FileManagerPage.clickMapParcelLink(FileManagerPage.java:54)
	at com.test1.tests.RTestChrome.testSuccessfulAddAttachmentDBcheck(RTestChrome.java:138)
... Removed 27 stack frames
</div> <!-- stack-trace -->
                </div> <!-- method-content -->
              </div> <!-- method -->
              <div class="method">
                <div class="method-content">
                  <a name="testSuccessfulAddAttachmentDBcheck(Client7.6.16B, Jason Lee, password1, 7.6.16004, addRock4, C:\\testfolder\\, rock1.jpg)">
                  </a> <!-- testSuccessfulAddAttachmentDBcheck(Client7.6.16B, Jason Lee, password1, 7.6.16004, addRock4, C:\\testfolder\\, rock1.jpg) -->
                  <span class="method-name">testSuccessfulAddAttachmentDBcheck</span>
                  <span class="parameters">(Client7.6.16B, Jason Lee, password1, 7.6.16004, addRock4, C:\\testfolder\\, rock1.jpg)</span>
                  <div class="stack-trace">org.openqa.selenium.NoSuchElementException: no such element: Unable to locate element: {&quot;method&quot;:&quot;link text&quot;,&quot;selector&quot;:&quot;7.6.16004&quot;}
  (Session info: chrome=51.0.2704.103)
  (Driver info: chromedriver=2.20.353145 (343b531d31eeb933ec778dbcf7081628a1396067),platform=Windows NT 6.1 SP1 x86_64) (WARNING: The server did not provide any stacktrace information)
Command duration or timeout: 10.09 seconds
For documentation on this error, please visit: http://seleniumhq.org/exceptions/no_such_element.html
Build info: version: &apos;2.48.2&apos;, revision: &apos;41bccdd&apos;, time: &apos;2015-10-09 19:59:12&apos;
System info: host: &apos;E5530-2340&apos;, ip: &apos;10.0.0.84&apos;, os.name: &apos;Windows 7&apos;, os.arch: &apos;amd64&apos;, os.version: &apos;6.1&apos;, java.version: &apos;1.8.0_66&apos;
Driver info: org.openqa.selenium.chrome.ChromeDriver
Capabilities [{applicationCacheEnabled=false, rotatable=false, mobileEmulationEnabled=false, chrome={userDataDir=C:\Users\jslee\AppData\Local\Temp\scoped_dir9060_6079}, takesHeapSnapshot=true, databaseEnabled=false, handlesAlerts=true, hasTouchScreen=false, version=51.0.2704.103, platform=XP, browserConnectionEnabled=false, nativeEvents=true, acceptSslCerts=true, locationContextEnabled=true, webStorageEnabled=true, browserName=chrome, takesScreenshot=true, javascriptEnabled=true, cssSelectorsEnabled=true}]
Session ID: a3d452aa49cc687512ce89d678888ff4
*** Element info: {Using=link text, value=7.6.16004}
	at org.openqa.selenium.remote.ErrorHandler.createThrowable(ErrorHandler.java:206)
	at org.openqa.selenium.remote.ErrorHandler.throwIfResponseFailed(ErrorHandler.java:158)
	at org.openqa.selenium.remote.RemoteWebDriver.execute(RemoteWebDriver.java:647)
	at org.openqa.selenium.remote.RemoteWebDriver.findElement(RemoteWebDriver.java:353)
	at org.openqa.selenium.remote.RemoteWebDriver.findElementByLinkText(RemoteWebDriver.java:418)
	at org.openqa.selenium.By$ByLinkText.findElement(By.java:246)
	at org.openqa.selenium.remote.RemoteWebDriver.findElement(RemoteWebDriver.java:345)
	at com.test1.pages.FileManagerPage.clickMapParcelLink(FileManagerPage.java:54)
	at com.test1.tests.RTestChrome.testSuccessfulAddAttachmentDBcheck(RTestChrome.java:138)
... Removed 27 stack frames
</div> <!-- stack-trace -->
                </div> <!-- method-content -->
              </div> <!-- method -->
              <div class="method">
                <div class="method-content">
                  <a name="testSuccessfulAddAttachmentDBcheck(Client7.6.16C, Jason Lee, password1, 7.6.16002, addingAttach4, C:\\testfolder\\, gb1.jpg)">
                  </a> <!-- testSuccessfulAddAttachmentDBcheck(Client7.6.16C, Jason Lee, password1, 7.6.16002, addingAttach4, C:\\testfolder\\, gb1.jpg) -->
                  <span class="method-name">testSuccessfulAddAttachmentDBcheck</span>
                  <span class="parameters">(Client7.6.16C, Jason Lee, password1, 7.6.16002, addingAttach4, C:\\testfolder\\, gb1.jpg)</span>
                  <div class="stack-trace">org.openqa.selenium.NoSuchElementException: no such element: Unable to locate element: {&quot;method&quot;:&quot;link text&quot;,&quot;selector&quot;:&quot;7.6.16002&quot;}
  (Session info: chrome=51.0.2704.103)
  (Driver info: chromedriver=2.20.353145 (343b531d31eeb933ec778dbcf7081628a1396067),platform=Windows NT 6.1 SP1 x86_64) (WARNING: The server did not provide any stacktrace information)
Command duration or timeout: 10.05 seconds
For documentation on this error, please visit: http://seleniumhq.org/exceptions/no_such_element.html
Build info: version: &apos;2.48.2&apos;, revision: &apos;41bccdd&apos;, time: &apos;2015-10-09 19:59:12&apos;
System info: host: &apos;E5530-2340&apos;, ip: &apos;10.0.0.84&apos;, os.name: &apos;Windows 7&apos;, os.arch: &apos;amd64&apos;, os.version: &apos;6.1&apos;, java.version: &apos;1.8.0_66&apos;
Driver info: org.openqa.selenium.chrome.ChromeDriver
Capabilities [{applicationCacheEnabled=false, rotatable=false, mobileEmulationEnabled=false, chrome={userDataDir=C:\Users\jslee\AppData\Local\Temp\scoped_dir6280_4507}, takesHeapSnapshot=true, databaseEnabled=false, handlesAlerts=true, hasTouchScreen=false, version=51.0.2704.103, platform=XP, browserConnectionEnabled=false, nativeEvents=true, acceptSslCerts=true, locationContextEnabled=true, webStorageEnabled=true, browserName=chrome, takesScreenshot=true, javascriptEnabled=true, cssSelectorsEnabled=true}]
Session ID: db5796f4885b2d74cb6f6c69176408a9
*** Element info: {Using=link text, value=7.6.16002}
	at org.openqa.selenium.remote.ErrorHandler.createThrowable(ErrorHandler.java:206)
	at org.openqa.selenium.remote.ErrorHandler.throwIfResponseFailed(ErrorHandler.java:158)
	at org.openqa.selenium.remote.RemoteWebDriver.execute(RemoteWebDriver.java:647)
	at org.openqa.selenium.remote.RemoteWebDriver.findElement(RemoteWebDriver.java:353)
	at org.openqa.selenium.remote.RemoteWebDriver.findElementByLinkText(RemoteWebDriver.java:418)
	at org.openqa.selenium.By$ByLinkText.findElement(By.java:246)
	at org.openqa.selenium.remote.RemoteWebDriver.findElement(RemoteWebDriver.java:345)
	at com.test1.pages.FileManagerPage.clickMapParcelLink(FileManagerPage.java:54)
	at com.test1.tests.RTestChrome.testSuccessfulAddAttachmentDBcheck(RTestChrome.java:138)
... Removed 27 stack frames
</div> <!-- stack-trace -->
                </div> <!-- method-content -->
              </div> <!-- method -->
              <div class="method">
                <div class="method-content">
                  <a name="testSuccessfulAdminAddAttachment(Client7.6.16C, Jason Lee, password1, 7.6.16001, attaching1, C:\\testfolder\\, kiar3.jpg)">
                  </a> <!-- testSuccessfulAdminAddAttachment(Client7.6.16C, Jason Lee, password1, 7.6.16001, attaching1, C:\\testfolder\\, kiar3.jpg) -->
                  <span class="method-name">testSuccessfulAdminAddAttachment</span>
                  <span class="parameters">(Client7.6.16C, Jason Lee, password1, 7.6.16001, attaching1, C:\\testfolder\\, kiar3.jpg)</span>
                  <div class="stack-trace">org.openqa.selenium.NoSuchElementException: no such element: Unable to locate element: {&quot;method&quot;:&quot;link text&quot;,&quot;selector&quot;:&quot;7.6.16001&quot;}
  (Session info: chrome=51.0.2704.103)
  (Driver info: chromedriver=2.20.353145 (343b531d31eeb933ec778dbcf7081628a1396067),platform=Windows NT 6.1 SP1 x86_64) (WARNING: The server did not provide any stacktrace information)
Command duration or timeout: 10.08 seconds
For documentation on this error, please visit: http://seleniumhq.org/exceptions/no_such_element.html
Build info: version: &apos;2.48.2&apos;, revision: &apos;41bccdd&apos;, time: &apos;2015-10-09 19:59:12&apos;
System info: host: &apos;E5530-2340&apos;, ip: &apos;10.0.0.84&apos;, os.name: &apos;Windows 7&apos;, os.arch: &apos;amd64&apos;, os.version: &apos;6.1&apos;, java.version: &apos;1.8.0_66&apos;
Driver info: org.openqa.selenium.chrome.ChromeDriver
Capabilities [{applicationCacheEnabled=false, rotatable=false, mobileEmulationEnabled=false, chrome={userDataDir=C:\Users\jslee\AppData\Local\Temp\scoped_dir8264_9663}, takesHeapSnapshot=true, databaseEnabled=false, handlesAlerts=true, hasTouchScreen=false, version=51.0.2704.103, platform=XP, browserConnectionEnabled=false, nativeEvents=true, acceptSslCerts=true, locationContextEnabled=true, webStorageEnabled=true, browserName=chrome, takesScreenshot=true, javascriptEnabled=true, cssSelectorsEnabled=true}]
Session ID: c4dd0cd4efc1ac973b6d02fdf2cd3b19
*** Element info: {Using=link text, value=7.6.16001}
	at org.openqa.selenium.remote.ErrorHandler.createThrowable(ErrorHandler.java:206)
	at org.openqa.selenium.remote.ErrorHandler.throwIfResponseFailed(ErrorHandler.java:158)
	at org.openqa.selenium.remote.RemoteWebDriver.execute(RemoteWebDriver.java:647)
	at org.openqa.selenium.remote.RemoteWebDriver.findElement(RemoteWebDriver.java:353)
	at org.openqa.selenium.remote.RemoteWebDriver.findElementByLinkText(RemoteWebDriver.java:418)
	at org.openqa.selenium.By$ByLinkText.findElement(By.java:246)
	at org.openqa.selenium.remote.RemoteWebDriver.findElement(RemoteWebDriver.java:345)
	at com.test1.pages.FileManagerPage.clickMapParcelLink(FileManagerPage.java:54)
	at com.test1.tests.RTestChrome.testSuccessfulAdminAddAttachment(RTestChrome.java:120)
... Removed 27 stack frames
</div> <!-- stack-trace -->
                </div> <!-- method-content -->
              </div> <!-- method -->
              <div class="method">
                <div class="method-content">
                  <a name="testSuccessfulAdminAddAttachment(Client7.6.16C, Jason Lee, password1, 7.6.16001, addingAttach22, C:\\testfolder\\, rock1.jpg)">
                  </a> <!-- testSuccessfulAdminAddAttachment(Client7.6.16C, Jason Lee, password1, 7.6.16001, addingAttach22, C:\\testfolder\\, rock1.jpg) -->
                  <span class="method-name">testSuccessfulAdminAddAttachment</span>
                  <span class="parameters">(Client7.6.16C, Jason Lee, password1, 7.6.16001, addingAttach22, C:\\testfolder\\, rock1.jpg)</span>
                  <div class="stack-trace">org.openqa.selenium.NoSuchElementException: no such element: Unable to locate element: {&quot;method&quot;:&quot;link text&quot;,&quot;selector&quot;:&quot;7.6.16001&quot;}
  (Session info: chrome=51.0.2704.103)
  (Driver info: chromedriver=2.20.353145 (343b531d31eeb933ec778dbcf7081628a1396067),platform=Windows NT 6.1 SP1 x86_64) (WARNING: The server did not provide any stacktrace information)
Command duration or timeout: 10.04 seconds
For documentation on this error, please visit: http://seleniumhq.org/exceptions/no_such_element.html
Build info: version: &apos;2.48.2&apos;, revision: &apos;41bccdd&apos;, time: &apos;2015-10-09 19:59:12&apos;
System info: host: &apos;E5530-2340&apos;, ip: &apos;10.0.0.84&apos;, os.name: &apos;Windows 7&apos;, os.arch: &apos;amd64&apos;, os.version: &apos;6.1&apos;, java.version: &apos;1.8.0_66&apos;
Driver info: org.openqa.selenium.chrome.ChromeDriver
Capabilities [{applicationCacheEnabled=false, rotatable=false, mobileEmulationEnabled=false, chrome={userDataDir=C:\Users\jslee\AppData\Local\Temp\scoped_dir6820_19010}, takesHeapSnapshot=true, databaseEnabled=false, handlesAlerts=true, hasTouchScreen=false, version=51.0.2704.103, platform=XP, browserConnectionEnabled=false, nativeEvents=true, acceptSslCerts=true, locationContextEnabled=true, webStorageEnabled=true, browserName=chrome, takesScreenshot=true, javascriptEnabled=true, cssSelectorsEnabled=true}]
Session ID: 9c7c4d749361c7b47c150cbf28c1f387
*** Element info: {Using=link text, value=7.6.16001}
	at org.openqa.selenium.remote.ErrorHandler.createThrowable(ErrorHandler.java:206)
	at org.openqa.selenium.remote.ErrorHandler.throwIfResponseFailed(ErrorHandler.java:158)
	at org.openqa.selenium.remote.RemoteWebDriver.execute(RemoteWebDriver.java:647)
	at org.openqa.selenium.remote.RemoteWebDriver.findElement(RemoteWebDriver.java:353)
	at org.openqa.selenium.remote.RemoteWebDriver.findElementByLinkText(RemoteWebDriver.java:418)
	at org.openqa.selenium.By$ByLinkText.findElement(By.java:246)
	at org.openqa.selenium.remote.RemoteWebDriver.findElement(RemoteWebDriver.java:345)
	at com.test1.pages.FileManagerPage.clickMapParcelLink(FileManagerPage.java:54)
	at com.test1.tests.RTestChrome.testSuccessfulAdminAddAttachment(RTestChrome.java:120)
... Removed 27 stack frames
</div> <!-- stack-trace -->
                </div> <!-- method-content -->
              </div> <!-- method -->
              <div class="method">
                <div class="method-content">
                  <a name="testSuccessfulAdminAddAttachment(Client7.6.16C, Jason Lee, password1, 7.6.16001, attach001, C:\\testfolder\\, gb3.jpg)">
                  </a> <!-- testSuccessfulAdminAddAttachment(Client7.6.16C, Jason Lee, password1, 7.6.16001, attach001, C:\\testfolder\\, gb3.jpg) -->
                  <span class="method-name">testSuccessfulAdminAddAttachment</span>
                  <span class="parameters">(Client7.6.16C, Jason Lee, password1, 7.6.16001, attach001, C:\\testfolder\\, gb3.jpg)</span>
                  <div class="stack-trace">org.openqa.selenium.NoSuchElementException: no such element: Unable to locate element: {&quot;method&quot;:&quot;link text&quot;,&quot;selector&quot;:&quot;7.6.16001&quot;}
  (Session info: chrome=51.0.2704.103)
  (Driver info: chromedriver=2.20.353145 (343b531d31eeb933ec778dbcf7081628a1396067),platform=Windows NT 6.1 SP1 x86_64) (WARNING: The server did not provide any stacktrace information)
Command duration or timeout: 10.04 seconds
For documentation on this error, please visit: http://seleniumhq.org/exceptions/no_such_element.html
Build info: version: &apos;2.48.2&apos;, revision: &apos;41bccdd&apos;, time: &apos;2015-10-09 19:59:12&apos;
System info: host: &apos;E5530-2340&apos;, ip: &apos;10.0.0.84&apos;, os.name: &apos;Windows 7&apos;, os.arch: &apos;amd64&apos;, os.version: &apos;6.1&apos;, java.version: &apos;1.8.0_66&apos;
Driver info: org.openqa.selenium.chrome.ChromeDriver
Capabilities [{applicationCacheEnabled=false, rotatable=false, mobileEmulationEnabled=false, chrome={userDataDir=C:\Users\jslee\AppData\Local\Temp\scoped_dir8580_5227}, takesHeapSnapshot=true, databaseEnabled=false, handlesAlerts=true, hasTouchScreen=false, version=51.0.2704.103, platform=XP, browserConnectionEnabled=false, nativeEvents=true, acceptSslCerts=true, locationContextEnabled=true, webStorageEnabled=true, browserName=chrome, takesScreenshot=true, javascriptEnabled=true, cssSelectorsEnabled=true}]
Session ID: 27b6ea2d5b1ec590c876757dd06b7afb
*** Element info: {Using=link text, value=7.6.16001}
	at org.openqa.selenium.remote.ErrorHandler.createThrowable(ErrorHandler.java:206)
	at org.openqa.selenium.remote.ErrorHandler.throwIfResponseFailed(ErrorHandler.java:158)
	at org.openqa.selenium.remote.RemoteWebDriver.execute(RemoteWebDriver.java:647)
	at org.openqa.selenium.remote.RemoteWebDriver.findElement(RemoteWebDriver.java:353)
	at org.openqa.selenium.remote.RemoteWebDriver.findElementByLinkText(RemoteWebDriver.java:418)
	at org.openqa.selenium.By$ByLinkText.findElement(By.java:246)
	at org.openqa.selenium.remote.RemoteWebDriver.findElement(RemoteWebDriver.java:345)
	at com.test1.pages.FileManagerPage.clickMapParcelLink(FileManagerPage.java:54)
	at com.test1.tests.RTestChrome.testSuccessfulAdminAddAttachment(RTestChrome.java:120)
... Removed 27 stack frames
</div> <!-- stack-trace -->
                </div> <!-- method-content -->
              </div> <!-- method -->
              <div class="method">
                <div class="method-content">
                  <a name="testSuccessfulAdminAddAttachment(Client7.6.16C, Jason Lee, password1, 7.6.16001, addingDocCCC, C:\\testfolder\\, TestCertInput1.xlsx)">
                  </a> <!-- testSuccessfulAdminAddAttachment(Client7.6.16C, Jason Lee, password1, 7.6.16001, addingDocCCC, C:\\testfolder\\, TestCertInput1.xlsx) -->
                  <span class="method-name">testSuccessfulAdminAddAttachment</span>
                  <span class="parameters">(Client7.6.16C, Jason Lee, password1, 7.6.16001, addingDocCCC, C:\\testfolder\\, TestCertInput1.xlsx)</span>
                  <div class="stack-trace">org.openqa.selenium.NoSuchElementException: no such element: Unable to locate element: {&quot;method&quot;:&quot;link text&quot;,&quot;selector&quot;:&quot;7.6.16001&quot;}
  (Session info: chrome=51.0.2704.103)
  (Driver info: chromedriver=2.20.353145 (343b531d31eeb933ec778dbcf7081628a1396067),platform=Windows NT 6.1 SP1 x86_64) (WARNING: The server did not provide any stacktrace information)
Command duration or timeout: 10.07 seconds
For documentation on this error, please visit: http://seleniumhq.org/exceptions/no_such_element.html
Build info: version: &apos;2.48.2&apos;, revision: &apos;41bccdd&apos;, time: &apos;2015-10-09 19:59:12&apos;
System info: host: &apos;E5530-2340&apos;, ip: &apos;10.0.0.84&apos;, os.name: &apos;Windows 7&apos;, os.arch: &apos;amd64&apos;, os.version: &apos;6.1&apos;, java.version: &apos;1.8.0_66&apos;
Driver info: org.openqa.selenium.chrome.ChromeDriver
Capabilities [{applicationCacheEnabled=false, rotatable=false, mobileEmulationEnabled=false, chrome={userDataDir=C:\Users\jslee\AppData\Local\Temp\scoped_dir2416_16290}, takesHeapSnapshot=true, databaseEnabled=false, handlesAlerts=true, hasTouchScreen=false, version=51.0.2704.103, platform=XP, browserConnectionEnabled=false, nativeEvents=true, acceptSslCerts=true, locationContextEnabled=true, webStorageEnabled=true, browserName=chrome, takesScreenshot=true, javascriptEnabled=true, cssSelectorsEnabled=true}]
Session ID: be789c6917d239ab6f0991df87ce9f22
*** Element info: {Using=link text, value=7.6.16001}
	at org.openqa.selenium.remote.ErrorHandler.createThrowable(ErrorHandler.java:206)
	at org.openqa.selenium.remote.ErrorHandler.throwIfResponseFailed(ErrorHandler.java:158)
	at org.openqa.selenium.remote.RemoteWebDriver.execute(RemoteWebDriver.java:647)
	at org.openqa.selenium.remote.RemoteWebDriver.findElement(RemoteWebDriver.java:353)
	at org.openqa.selenium.remote.RemoteWebDriver.findElementByLinkText(RemoteWebDriver.java:418)
	at org.openqa.selenium.By$ByLinkText.findElement(By.java:246)
	at org.openqa.selenium.remote.RemoteWebDriver.findElement(RemoteWebDriver.java:345)
	at com.test1.pages.FileManagerPage.clickMapParcelLink(FileManagerPage.java:54)
	at com.test1.tests.RTestChrome.testSuccessfulAdminAddAttachment(RTestChrome.java:120)
... Removed 27 stack frames
</div> <!-- stack-trace -->
                </div> <!-- method-content -->
              </div> <!-- method -->
              <div class="method">
                <div class="method-content">
                  <a name="testSuccessfulImportFileToClient(Jason Lee, password1, Client7.6.16B, Nov 28 2016, C:\\testfolder\\uploadfiles\\, Import7.6D.xlsx, 7....)">
                  </a> <!-- testSuccessfulImportFileToClient(Jason Lee, password1, Client7.6.16B, Nov 28 2016, C:\\testfolder\\uploadfiles\\, Import7.6D.xlsx, 7....) -->
                  <span class="method-name">testSuccessfulImportFileToClient</span>
                  <span class="parameters">(Jason Lee, password1, Client7.6.16B, Nov 28 2016, C:\\testfolder\\uploadfiles\\, Import7.6D.xlsx, 7.6.16003, 7.6.16004)</span>
                  <div class="stack-trace">org.openqa.selenium.NoSuchElementException: no such element: Unable to locate element: {&quot;method&quot;:&quot;link text&quot;,&quot;selector&quot;:&quot;Nov 28 2016&quot;}
  (Session info: chrome=51.0.2704.103)
  (Driver info: chromedriver=2.20.353145 (343b531d31eeb933ec778dbcf7081628a1396067),platform=Windows NT 6.1 SP1 x86_64) (WARNING: The server did not provide any stacktrace information)
Command duration or timeout: 10.07 seconds
For documentation on this error, please visit: http://seleniumhq.org/exceptions/no_such_element.html
Build info: version: &apos;2.48.2&apos;, revision: &apos;41bccdd&apos;, time: &apos;2015-10-09 19:59:12&apos;
System info: host: &apos;E5530-2340&apos;, ip: &apos;10.0.0.84&apos;, os.name: &apos;Windows 7&apos;, os.arch: &apos;amd64&apos;, os.version: &apos;6.1&apos;, java.version: &apos;1.8.0_66&apos;
Driver info: org.openqa.selenium.chrome.ChromeDriver
Capabilities [{applicationCacheEnabled=false, rotatable=false, mobileEmulationEnabled=false, chrome={userDataDir=C:\Users\jslee\AppData\Local\Temp\scoped_dir6960_9996}, takesHeapSnapshot=true, databaseEnabled=false, handlesAlerts=true, hasTouchScreen=false, version=51.0.2704.103, platform=XP, browserConnectionEnabled=false, nativeEvents=true, acceptSslCerts=true, locationContextEnabled=true, webStorageEnabled=true, browserName=chrome, takesScreenshot=true, javascriptEnabled=true, cssSelectorsEnabled=true}]
Session ID: 907f1978fe33a60aa92e815e0d77938d
*** Element info: {Using=link text, value=Nov 28 2016}
	at org.openqa.selenium.remote.ErrorHandler.createThrowable(ErrorHandler.java:206)
	at org.openqa.selenium.remote.ErrorHandler.throwIfResponseFailed(ErrorHandler.java:158)
	at org.openqa.selenium.remote.RemoteWebDriver.execute(RemoteWebDriver.java:647)
	at org.openqa.selenium.remote.RemoteWebDriver.findElement(RemoteWebDriver.java:353)
	at org.openqa.selenium.remote.RemoteWebDriver.findElementByLinkText(RemoteWebDriver.java:418)
	at org.openqa.selenium.By$ByLinkText.findElement(By.java:246)
	at org.openqa.selenium.remote.RemoteWebDriver.findElement(RemoteWebDriver.java:345)
	at com.test1.pages.BatchFileImportPage.ImportFilesIntoBatch(BatchFileImportPage.java:37)
	at com.test1.tests.RTestChrome.testSuccessfulImportFileToClient(RTestChrome.java:102)
... Removed 27 stack frames
</div> <!-- stack-trace -->
                </div> <!-- method-content -->
              </div> <!-- method -->
              <div class="method">
                <div class="method-content">
                  <a name="testSuccessfulImportFileToClient(Jason Lee, password1, Client7.6.16C, Dec 28 2016, C:\\testfolder\\uploadfiles\\, Import7.6C.xlsx, 7....)">
                  </a> <!-- testSuccessfulImportFileToClient(Jason Lee, password1, Client7.6.16C, Dec 28 2016, C:\\testfolder\\uploadfiles\\, Import7.6C.xlsx, 7....) -->
                  <span class="method-name">testSuccessfulImportFileToClient</span>
                  <span class="parameters">(Jason Lee, password1, Client7.6.16C, Dec 28 2016, C:\\testfolder\\uploadfiles\\, Import7.6C.xlsx, 7.6.16001, 7.6.16002)</span>
                  <div class="stack-trace">org.openqa.selenium.NoSuchElementException: no such element: Unable to locate element: {&quot;method&quot;:&quot;link text&quot;,&quot;selector&quot;:&quot;Dec 28 2016&quot;}
  (Session info: chrome=51.0.2704.103)
  (Driver info: chromedriver=2.20.353145 (343b531d31eeb933ec778dbcf7081628a1396067),platform=Windows NT 6.1 SP1 x86_64) (WARNING: The server did not provide any stacktrace information)
Command duration or timeout: 10.06 seconds
For documentation on this error, please visit: http://seleniumhq.org/exceptions/no_such_element.html
Build info: version: &apos;2.48.2&apos;, revision: &apos;41bccdd&apos;, time: &apos;2015-10-09 19:59:12&apos;
System info: host: &apos;E5530-2340&apos;, ip: &apos;10.0.0.84&apos;, os.name: &apos;Windows 7&apos;, os.arch: &apos;amd64&apos;, os.version: &apos;6.1&apos;, java.version: &apos;1.8.0_66&apos;
Driver info: org.openqa.selenium.chrome.ChromeDriver
Capabilities [{applicationCacheEnabled=false, rotatable=false, mobileEmulationEnabled=false, chrome={userDataDir=C:\Users\jslee\AppData\Local\Temp\scoped_dir5912_6930}, takesHeapSnapshot=true, databaseEnabled=false, handlesAlerts=true, hasTouchScreen=false, version=51.0.2704.103, platform=XP, browserConnectionEnabled=false, nativeEvents=true, acceptSslCerts=true, locationContextEnabled=true, webStorageEnabled=true, browserName=chrome, takesScreenshot=true, javascriptEnabled=true, cssSelectorsEnabled=true}]
Session ID: 24ba22a2b850ec42c3d8deada054da08
*** Element info: {Using=link text, value=Dec 28 2016}
	at org.openqa.selenium.remote.ErrorHandler.createThrowable(ErrorHandler.java:206)
	at org.openqa.selenium.remote.ErrorHandler.throwIfResponseFailed(ErrorHandler.java:158)
	at org.openqa.selenium.remote.RemoteWebDriver.execute(RemoteWebDriver.java:647)
	at org.openqa.selenium.remote.RemoteWebDriver.findElement(RemoteWebDriver.java:353)
	at org.openqa.selenium.remote.RemoteWebDriver.findElementByLinkText(RemoteWebDriver.java:418)
	at org.openqa.selenium.By$ByLinkText.findElement(By.java:246)
	at org.openqa.selenium.remote.RemoteWebDriver.findElement(RemoteWebDriver.java:345)
	at com.test1.pages.BatchFileImportPage.ImportFilesIntoBatch(BatchFileImportPage.java:37)
	at com.test1.tests.RTestChrome.testSuccessfulImportFileToClient(RTestChrome.java:102)
... Removed 27 stack frames
</div> <!-- stack-trace -->
                </div> <!-- method-content -->
              </div> <!-- method -->
              <div class="method">
                <div class="method-content">
                  <a name="testSuccessfulSumSheetDownLoadFiref(NewClientUserD0, password1, 7.6.16003, C:\\testfolder\\SeleniumDownloads, golgo13.PNG)">
                  </a> <!-- testSuccessfulSumSheetDownLoadFiref(NewClientUserD0, password1, 7.6.16003, C:\\testfolder\\SeleniumDownloads, golgo13.PNG) -->
                  <span class="method-name">testSuccessfulSumSheetDownLoadFiref</span>
                  <span class="parameters">(NewClientUserD0, password1, 7.6.16003, C:\\testfolder\\SeleniumDownloads, golgo13.PNG)</span>
                  <div class="stack-trace">org.openqa.selenium.NoSuchElementException: no such element: Unable to locate element: {&quot;method&quot;:&quot;css selector&quot;,&quot;selector&quot;:&quot;span.fa.fa-file-text&quot;}
  (Session info: chrome=51.0.2704.103)
  (Driver info: chromedriver=2.20.353145 (343b531d31eeb933ec778dbcf7081628a1396067),platform=Windows NT 6.1 SP1 x86_64) (WARNING: The server did not provide any stacktrace information)
Command duration or timeout: 10.02 seconds
For documentation on this error, please visit: http://seleniumhq.org/exceptions/no_such_element.html
Build info: version: &apos;2.48.2&apos;, revision: &apos;41bccdd&apos;, time: &apos;2015-10-09 19:59:12&apos;
System info: host: &apos;E5530-2340&apos;, ip: &apos;10.0.0.84&apos;, os.name: &apos;Windows 7&apos;, os.arch: &apos;amd64&apos;, os.version: &apos;6.1&apos;, java.version: &apos;1.8.0_66&apos;
Driver info: org.openqa.selenium.chrome.ChromeDriver
Capabilities [{applicationCacheEnabled=false, rotatable=false, mobileEmulationEnabled=false, chrome={userDataDir=C:\Users\jslee\AppData\Local\Temp\scoped_dir7768_18990}, takesHeapSnapshot=true, databaseEnabled=false, handlesAlerts=true, hasTouchScreen=false, version=51.0.2704.103, platform=XP, browserConnectionEnabled=false, nativeEvents=true, acceptSslCerts=true, locationContextEnabled=true, webStorageEnabled=true, browserName=chrome, takesScreenshot=true, javascriptEnabled=true, cssSelectorsEnabled=true}]
Session ID: bbdce099e78409c192c287af5fc243bb
*** Element info: {Using=css selector, value=span.fa.fa-file-text}
	at org.openqa.selenium.remote.ErrorHandler.createThrowable(ErrorHandler.java:206)
	at org.openqa.selenium.remote.ErrorHandler.throwIfResponseFailed(ErrorHandler.java:158)
	at org.openqa.selenium.remote.RemoteWebDriver.execute(RemoteWebDriver.java:647)
	at org.openqa.selenium.remote.RemoteWebDriver.findElement(RemoteWebDriver.java:353)
	at org.openqa.selenium.remote.RemoteWebDriver.findElementByCssSelector(RemoteWebDriver.java:482)
	at org.openqa.selenium.By$ByCssSelector.findElement(By.java:430)
	at org.openqa.selenium.remote.RemoteWebDriver.findElement(RemoteWebDriver.java:345)
	at com.test1.pages.DefaultLoadingPage.clickActionLink(DefaultLoadingPage.java:145)
	at com.test1.tests.RTestChrome.testSuccessfulSumSheetDownLoadFiref(RTestChrome.java:253)
... Removed 27 stack frames
</div> <!-- stack-trace -->
                </div> <!-- method-content -->
              </div> <!-- method -->
            </div> <!-- main-panel-content rounded-window-bottom -->
          </div> <!-- suite-Ant_suite-class-failed -->
          <div class="suite-Ant_suite-class-passed">
            <div class="main-panel-header rounded-window-top">
              <img src="passed.png"/>
              <span class="class-name">com.test1.tests.RTestChrome</span>
            </div> <!-- main-panel-header rounded-window-top -->
            <div class="main-panel-content rounded-window-bottom">
              <div class="method">
                <div class="method-content">
                  <a name="testSuccessfulLogIn(NewAdminUserD0, password1)">
                  </a> <!-- testSuccessfulLogIn(NewAdminUserD0, password1) -->
                  <span class="method-name">testSuccessfulLogIn</span>
                  <span class="parameters">(NewAdminUserD0, password1)</span>
                </div> <!-- method-content -->
              </div> <!-- method -->
              <div class="method">
                <div class="method-content">
                  <a name="testSuccessfulLogIn(NewParaUserD0, password1)">
                  </a> <!-- testSuccessfulLogIn(NewParaUserD0, password1) -->
                  <span class="method-name">testSuccessfulLogIn</span>
                  <span class="parameters">(NewParaUserD0, password1)</span>
                </div> <!-- method-content -->
              </div> <!-- method -->
              <div class="method">
                <div class="method-content">
                  <a name="testSuccessfulLogIn(NewDataEntryUserD0, password1)">
                  </a> <!-- testSuccessfulLogIn(NewDataEntryUserD0, password1) -->
                  <span class="method-name">testSuccessfulLogIn</span>
                  <span class="parameters">(NewDataEntryUserD0, password1)</span>
                </div> <!-- method-content -->
              </div> <!-- method -->
              <div class="method">
                <div class="method-content">
                  <a name="testSuccessfulLogIn(NewClientUserD0, password1)">
                  </a> <!-- testSuccessfulLogIn(NewClientUserD0, password1) -->
                  <span class="method-name">testSuccessfulLogIn</span>
                  <span class="parameters">(NewClientUserD0, password1)</span>
                </div> <!-- method-content -->
              </div> <!-- method -->
              <div class="method">
                <div class="method-content">
                  <a name="testSuccessfulLogOut(NewClientUserD0, password1)">
                  </a> <!-- testSuccessfulLogOut(NewClientUserD0, password1) -->
                  <span class="method-name">testSuccessfulLogOut</span>
                  <span class="parameters">(NewClientUserD0, password1)</span>
                </div> <!-- method-content -->
              </div> <!-- method -->
              <div class="method">
                <div class="method-content">
                  <a name="testSuccessfulNewAdminUserCreationDBcheck(sysadmin, 123456, Jason Lee, Active, Admin, nothing, 777.123.2222, jasonadmin@admintesting.com, pass...)">
                  </a> <!-- testSuccessfulNewAdminUserCreationDBcheck(sysadmin, 123456, Jason Lee, Active, Admin, nothing, 777.123.2222, jasonadmin@admintesting.com, pass...) -->
                  <span class="method-name">testSuccessfulNewAdminUserCreationDBcheck</span>
                  <span class="parameters">(sysadmin, 123456, Jason Lee, Active, Admin, nothing, 777.123.2222, jasonadmin@admintesting.com, password1, password1, C:\\testfolder\\, money.jpg)</span>
                </div> <!-- method-content -->
              </div> <!-- method -->
              <div class="method">
                <div class="method-content">
                  <a name="testSuccessfulNewClientCreation(Jason Lee, password1, Client7.6.16A, 779-111-9990, 123, 1222 H Street Dr., Doraville, GA, 30023)">
                  </a> <!-- testSuccessfulNewClientCreation(Jason Lee, password1, Client7.6.16A, 779-111-9990, 123, 1222 H Street Dr., Doraville, GA, 30023) -->
                  <span class="method-name">testSuccessfulNewClientCreation</span>
                  <span class="parameters">(Jason Lee, password1, Client7.6.16A, 779-111-9990, 123, 1222 H Street Dr., Doraville, GA, 30023)</span>
                </div> <!-- method-content -->
              </div> <!-- method -->
              <div class="method">
                <div class="method-content">
                  <a name="testSuccessfulNewClientCreation(Jason Lee, password1, Client7.6.16B, 123-990-1230, 0, 1899 Small Road Dr., Avondale, GA, 23004)">
                  </a> <!-- testSuccessfulNewClientCreation(Jason Lee, password1, Client7.6.16B, 123-990-1230, 0, 1899 Small Road Dr., Avondale, GA, 23004) -->
                  <span class="method-name">testSuccessfulNewClientCreation</span>
                  <span class="parameters">(Jason Lee, password1, Client7.6.16B, 123-990-1230, 0, 1899 Small Road Dr., Avondale, GA, 23004)</span>
                </div> <!-- method-content -->
              </div> <!-- method -->
              <div class="method">
                <div class="method-content">
                  <a name="testSuccessfulNewClientCreationDBcheck(Jason Lee, password1, Client7.6.16C, 404-111-2220, 1234, 400 Dog Town Dr., Atlanta, GA, 32299)">
                  </a> <!-- testSuccessfulNewClientCreationDBcheck(Jason Lee, password1, Client7.6.16C, 404-111-2220, 1234, 400 Dog Town Dr., Atlanta, GA, 32299) -->
                  <span class="method-name">testSuccessfulNewClientCreationDBcheck</span>
                  <span class="parameters">(Jason Lee, password1, Client7.6.16C, 404-111-2220, 1234, 400 Dog Town Dr., Atlanta, GA, 32299)</span>
                </div> <!-- method-content -->
              </div> <!-- method -->
              <div class="method">
                <div class="method-content">
                  <a name="testSuccessfulNewClientCreationDBcheck(Jason Lee, password1, Client7.6.16D, 678-33-4440, 4562, 200 H St., Marietta, GA, 30022)">
                  </a> <!-- testSuccessfulNewClientCreationDBcheck(Jason Lee, password1, Client7.6.16D, 678-33-4440, 4562, 200 H St., Marietta, GA, 30022) -->
                  <span class="method-name">testSuccessfulNewClientCreationDBcheck</span>
                  <span class="parameters">(Jason Lee, password1, Client7.6.16D, 678-33-4440, 4562, 200 H St., Marietta, GA, 30022)</span>
                </div> <!-- method-content -->
              </div> <!-- method -->
              <div class="method">
                <div class="method-content">
                  <a name="testSuccessfulNewUserCreate(Jason Lee, password1, NewDataEntryUserD0, Active, Data Entry, nothing, 774.999.3456, newdataentryuse...)">
                  </a> <!-- testSuccessfulNewUserCreate(Jason Lee, password1, NewDataEntryUserD0, Active, Data Entry, nothing, 774.999.3456, newdataentryuse...) -->
                  <span class="method-name">testSuccessfulNewUserCreate</span>
                  <span class="parameters">(Jason Lee, password1, NewDataEntryUserD0, Active, Data Entry, nothing, 774.999.3456, newdataentryuserAA@testing.com, password1, password1, C:\\testfolder\\, dataentryuser1.jpg)</span>
                </div> <!-- method-content -->
              </div> <!-- method -->
              <div class="method">
                <div class="method-content">
                  <a name="testSuccessfulNewUserCreate(Jason Lee, password1, NewClientUserD0, Active, Client, Client7.6.16B, 770.330.1111, newclientAA@user...)">
                  </a> <!-- testSuccessfulNewUserCreate(Jason Lee, password1, NewClientUserD0, Active, Client, Client7.6.16B, 770.330.1111, newclientAA@user...) -->
                  <span class="method-name">testSuccessfulNewUserCreate</span>
                  <span class="parameters">(Jason Lee, password1, NewClientUserD0, Active, Client, Client7.6.16B, 770.330.1111, newclientAA@user.com, password1, password1, C:\\testfolder\\, toshiya3.jpg)</span>
                </div> <!-- method-content -->
              </div> <!-- method -->
              <div class="method">
                <div class="method-content">
                  <a name="testSuccessfulNewUserCreationDBcheck(Jason Lee, password1, NewParaUserD0, Active, Paralegal, nothing, 771.111.2222, parauserAA@testing.co...)">
                  </a> <!-- testSuccessfulNewUserCreationDBcheck(Jason Lee, password1, NewParaUserD0, Active, Paralegal, nothing, 771.111.2222, parauserAA@testing.co...) -->
                  <span class="method-name">testSuccessfulNewUserCreationDBcheck</span>
                  <span class="parameters">(Jason Lee, password1, NewParaUserD0, Active, Paralegal, nothing, 771.111.2222, parauserAA@testing.com, password1, password1, C:\\testfolder\\, parauser1.jpg)</span>
                </div> <!-- method-content -->
              </div> <!-- method -->
              <div class="method">
                <div class="method-content">
                  <a name="testSuccessfulNewUserCreationDBcheck(Jason Lee, password1, NewAdminUserD0, Active, Admin, nothing, 402.222.3333, newadminuserAA@testing.c...)">
                  </a> <!-- testSuccessfulNewUserCreationDBcheck(Jason Lee, password1, NewAdminUserD0, Active, Admin, nothing, 402.222.3333, newadminuserAA@testing.c...) -->
                  <span class="method-name">testSuccessfulNewUserCreationDBcheck</span>
                  <span class="parameters">(Jason Lee, password1, NewAdminUserD0, Active, Admin, nothing, 402.222.3333, newadminuserAA@testing.com, password1, password1, C:\\testfolder\\, admin1.jpg)</span>
                </div> <!-- method-content -->
              </div> <!-- method -->
            </div> <!-- main-panel-content rounded-window-bottom -->
          </div> <!-- suite-Ant_suite-class-passed -->
        </div> <!-- panel Ant_suite -->
        <div panel-name="test-xml-Ant_suite" class="panel">
          <div class="main-panel-header rounded-window-top">
          </div> <!-- main-panel-header rounded-window-top -->
          <div class="main-panel-content rounded-window-bottom">
            <pre>
&lt;?xml version=&quot;1.0&quot; encoding=&quot;UTF-8&quot;?&gt;
&lt;!DOCTYPE suite SYSTEM &quot;http://testng.org/testng-1.0.dtd&quot;&gt;
&lt;suite name=&quot;Ant suite&quot;&gt;
  &lt;test name=&quot;Ant test&quot; preserve-order=&quot;false&quot;&gt;
    &lt;classes&gt;
      &lt;class name=&quot;com.test1.tests.RTestChrome&quot;/&gt;
    &lt;/classes&gt;
  &lt;/test&gt; &lt;!-- Ant test --&gt;
&lt;/suite&gt; &lt;!-- Ant suite --&gt;
            </pre>
          </div> <!-- main-panel-content rounded-window-bottom -->
        </div> <!-- panel -->
        <div panel-name="testlist-Ant_suite" class="panel">
          <div class="main-panel-header rounded-window-top">
            <span class="header-content">Tests for Ant suite</span>
          </div> <!-- main-panel-header rounded-window-top -->
          <div class="main-panel-content rounded-window-bottom">
            <ul>
              <li>
                <span class="test-name">Ant test (1 class)</span>
              </li>
            </ul>
          </div> <!-- main-panel-content rounded-window-bottom -->
        </div> <!-- panel -->
        <div panel-name="group-Ant_suite" class="panel">
          <div class="main-panel-header rounded-window-top">
            <span class="header-content">Groups for Ant suite</span>
          </div> <!-- main-panel-header rounded-window-top -->
          <div class="main-panel-content rounded-window-bottom">
          </div> <!-- main-panel-content rounded-window-bottom -->
        </div> <!-- panel -->
        <div panel-name="times-Ant_suite" class="panel">
          <div class="main-panel-header rounded-window-top">
            <span class="header-content">Times for Ant suite</span>
          </div> <!-- main-panel-header rounded-window-top -->
          <div class="main-panel-content rounded-window-bottom">
            <div class="times-div">
              <script type="text/javascript">
suiteTableInitFunctions.push('tableData_Ant_suite');
function tableData_Ant_suite() {
var data = new google.visualization.DataTable();
data.addColumn('number', 'Number');
data.addColumn('string', 'Method');
data.addColumn('string', 'Class');
data.addColumn('number', 'Time (ms)');
data.addRows(24);
data.setCell(0, 0, 0)
data.setCell(0, 1, 'testSuccessfulNewUserCreate')
data.setCell(0, 2, 'com.test1.tests.RTestChrome')
data.setCell(0, 3, 31169);
data.setCell(1, 0, 1)
data.setCell(1, 1, 'testSuccessfulNewUserCreate')
data.setCell(1, 2, 'com.test1.tests.RTestChrome')
data.setCell(1, 3, 30057);
data.setCell(2, 0, 2)
data.setCell(2, 1, 'testSuccessfulNewAdminUserCreationDBcheck')
data.setCell(2, 2, 'com.test1.tests.RTestChrome')
data.setCell(2, 3, 28432);
data.setCell(3, 0, 3)
data.setCell(3, 1, 'testSuccessfulNewUserCreationDBcheck')
data.setCell(3, 2, 'com.test1.tests.RTestChrome')
data.setCell(3, 3, 27738);
data.setCell(4, 0, 4)
data.setCell(4, 1, 'testSuccessfulNewUserCreationDBcheck')
data.setCell(4, 2, 'com.test1.tests.RTestChrome')
data.setCell(4, 3, 26824);
data.setCell(5, 0, 5)
data.setCell(5, 1, 'testSuccessfulImportFileToClient')
data.setCell(5, 2, 'com.test1.tests.RTestChrome')
data.setCell(5, 3, 25871);
data.setCell(6, 0, 6)
data.setCell(6, 1, 'testSuccessfulNewClientCreation')
data.setCell(6, 2, 'com.test1.tests.RTestChrome')
data.setCell(6, 3, 24985);
data.setCell(7, 0, 7)
data.setCell(7, 1, 'testSuccessfulNewClientCreation')
data.setCell(7, 2, 'com.test1.tests.RTestChrome')
data.setCell(7, 3, 24847);
data.setCell(8, 0, 8)
data.setCell(8, 1, 'testSuccessfulImportFileToClient')
data.setCell(8, 2, 'com.test1.tests.RTestChrome')
data.setCell(8, 3, 24826);
data.setCell(9, 0, 9)
data.setCell(9, 1, 'testSuccessfulNewClientCreationDBcheck')
data.setCell(9, 2, 'com.test1.tests.RTestChrome')
data.setCell(9, 3, 22797);
data.setCell(10, 0, 10)
data.setCell(10, 1, 'testSuccessfulAddAttachmentDBcheck')
data.setCell(10, 2, 'com.test1.tests.RTestChrome')
data.setCell(10, 3, 22632);
data.setCell(11, 0, 11)
data.setCell(11, 1, 'testSuccessfulNewClientCreationDBcheck')
data.setCell(11, 2, 'com.test1.tests.RTestChrome')
data.setCell(11, 3, 22392);
data.setCell(12, 0, 12)
data.setCell(12, 1, 'testSuccessfulAdminAddAttachment')
data.setCell(12, 2, 'com.test1.tests.RTestChrome')
data.setCell(12, 3, 22171);
data.setCell(13, 0, 13)
data.setCell(13, 1, 'testSuccessfulAdminAddAttachment')
data.setCell(13, 2, 'com.test1.tests.RTestChrome')
data.setCell(13, 3, 21715);
data.setCell(14, 0, 14)
data.setCell(14, 1, 'testSuccessfulAdminAddAttachment')
data.setCell(14, 2, 'com.test1.tests.RTestChrome')
data.setCell(14, 3, 21679);
data.setCell(15, 0, 15)
data.setCell(15, 1, 'testSuccessfulAdminAddAttachment')
data.setCell(15, 2, 'com.test1.tests.RTestChrome')
data.setCell(15, 3, 21674);
data.setCell(16, 0, 16)
data.setCell(16, 1, 'testSuccessfulAddAttachmentDBcheck')
data.setCell(16, 2, 'com.test1.tests.RTestChrome')
data.setCell(16, 3, 21614);
data.setCell(17, 0, 17)
data.setCell(17, 1, 'testSuccessfulAddAttachmentDBcheck')
data.setCell(17, 2, 'com.test1.tests.RTestChrome')
data.setCell(17, 3, 21596);
data.setCell(18, 0, 18)
data.setCell(18, 1, 'testSuccessfulSumSheetDownLoadFiref')
data.setCell(18, 2, 'com.test1.tests.RTestChrome')
data.setCell(18, 3, 16872);
data.setCell(19, 0, 19)
data.setCell(19, 1, 'testSuccessfulLogIn')
data.setCell(19, 2, 'com.test1.tests.RTestChrome')
data.setCell(19, 3, 11218);
data.setCell(20, 0, 20)
data.setCell(20, 1, 'testSuccessfulLogOut')
data.setCell(20, 2, 'com.test1.tests.RTestChrome')
data.setCell(20, 3, 9102);
data.setCell(21, 0, 21)
data.setCell(21, 1, 'testSuccessfulLogIn')
data.setCell(21, 2, 'com.test1.tests.RTestChrome')
data.setCell(21, 3, 7045);
data.setCell(22, 0, 22)
data.setCell(22, 1, 'testSuccessfulLogIn')
data.setCell(22, 2, 'com.test1.tests.RTestChrome')
data.setCell(22, 3, 6737);
data.setCell(23, 0, 23)
data.setCell(23, 1, 'testSuccessfulLogIn')
data.setCell(23, 2, 'com.test1.tests.RTestChrome')
data.setCell(23, 3, 6330);
window.suiteTableData['Ant_suite']= { tableData: data, tableDiv: 'times-div-Ant_suite'}
return data;
}
              </script>
              <span class="suite-total-time">Total running time: 8 minutes</span>
              <div id="times-div-Ant_suite">
              </div> <!-- times-div-Ant_suite -->
            </div> <!-- times-div -->
          </div> <!-- main-panel-content rounded-window-bottom -->
        </div> <!-- panel -->
        <div panel-name="reporter-Ant_suite" class="panel">
          <div class="main-panel-header rounded-window-top">
            <span class="header-content">Reporter output for Ant suite</span>
          </div> <!-- main-panel-header rounded-window-top -->
          <div class="main-panel-content rounded-window-bottom">
          </div> <!-- main-panel-content rounded-window-bottom -->
        </div> <!-- panel -->
        <div panel-name="ignored-methods-Ant_suite" class="panel">
          <div class="main-panel-header rounded-window-top">
            <span class="header-content">0 ignored methods</span>
          </div> <!-- main-panel-header rounded-window-top -->
          <div class="main-panel-content rounded-window-bottom">
          </div> <!-- main-panel-content rounded-window-bottom -->
        </div> <!-- panel -->
        <div panel-name="chronological-Ant_suite" class="panel">
          <div class="main-panel-header rounded-window-top">
            <span class="header-content">Methods in chronological order</span>
          </div> <!-- main-panel-header rounded-window-top -->
          <div class="main-panel-content rounded-window-bottom">
            <div class="chronological-class">
              <div class="chronological-class-name">com.test1.tests.RTestChrome</div> <!-- chronological-class-name -->
              <div class="configuration-suite before">
                <span class="method-name">beforSuite</span>
                <span class="method-start">0 ms</span>
              </div> <!-- configuration-suite before -->
              <div class="configuration-method before">
                <span class="method-name">beforeMethod</span>
                <span class="method-start">1470 ms</span>
              </div> <!-- configuration-method before -->
              <div class="test-method">
                <span class="method-name">testSuccessfulNewAdminUserCreationDBcheck(sysadmin, 123456, Jason Lee, Active, Admin, nothing, 777.123.2222, jasonadmin@admintesting.com, pass...)</span>
                <span class="method-start">13261 ms</span>
              </div> <!-- test-method -->
              <div class="configuration-method after">
                <span class="method-name">afterMethod</span>
                <span class="method-start">41694 ms</span>
              </div> <!-- configuration-method after -->
              <div class="configuration-method before">
                <span class="method-name">beforeMethod</span>
                <span class="method-start">44375 ms</span>
              </div> <!-- configuration-method before -->
              <div class="test-method">
                <span class="method-name">testSuccessfulNewClientCreationDBcheck(Jason Lee, password1, Client7.6.16C, 404-111-2220, 1234, 400 Dog Town Dr., Atlanta, GA, 32299)</span>
                <span class="method-start">52260 ms</span>
              </div> <!-- test-method -->
              <div class="configuration-method after">
                <span class="method-name">afterMethod</span>
                <span class="method-start">75057 ms</span>
              </div> <!-- configuration-method after -->
              <div class="configuration-method before">
                <span class="method-name">beforeMethod</span>
                <span class="method-start">76465 ms</span>
              </div> <!-- configuration-method before -->
              <div class="test-method">
                <span class="method-name">testSuccessfulNewClientCreationDBcheck(Jason Lee, password1, Client7.6.16D, 678-33-4440, 4562, 200 H St., Marietta, GA, 30022)</span>
                <span class="method-start">81714 ms</span>
              </div> <!-- test-method -->
              <div class="configuration-method after">
                <span class="method-name">afterMethod</span>
                <span class="method-start">104106 ms</span>
              </div> <!-- configuration-method after -->
              <div class="configuration-method before">
                <span class="method-name">beforeMethod</span>
                <span class="method-start">105586 ms</span>
              </div> <!-- configuration-method before -->
              <div class="test-method">
                <span class="method-name">testSuccessfulNewClientCreation(Jason Lee, password1, Client7.6.16A, 779-111-9990, 123, 1222 H Street Dr., Doraville, GA, 30023)</span>
                <span class="method-start">110513 ms</span>
              </div> <!-- test-method -->
              <div class="configuration-method after">
                <span class="method-name">afterMethod</span>
                <span class="method-start">135498 ms</span>
              </div> <!-- configuration-method after -->
              <div class="configuration-method before">
                <span class="method-name">beforeMethod</span>
                <span class="method-start">136890 ms</span>
              </div> <!-- configuration-method before -->
              <div class="test-method">
                <span class="method-name">testSuccessfulNewClientCreation(Jason Lee, password1, Client7.6.16B, 123-990-1230, 0, 1899 Small Road Dr., Avondale, GA, 23004)</span>
                <span class="method-start">143518 ms</span>
              </div> <!-- test-method -->
              <div class="configuration-method after">
                <span class="method-name">afterMethod</span>
                <span class="method-start">168366 ms</span>
              </div> <!-- configuration-method after -->
              <div class="configuration-method before">
                <span class="method-name">beforeMethod</span>
                <span class="method-start">169907 ms</span>
              </div> <!-- configuration-method before -->
              <div class="test-method">
                <img src="failed.png">
                </img>
                <span class="method-name">testSuccessfulImportFileToClient(Jason Lee, password1, Client7.6.16B, Nov 28 2016, C:\\testfolder\\uploadfiles\\, Import7.6D.xlsx, 7....)</span>
                <span class="method-start">176362 ms</span>
              </div> <!-- test-method -->
              <div class="configuration-method after">
                <span class="method-name">afterMethod</span>
                <span class="method-start">202233 ms</span>
              </div> <!-- configuration-method after -->
              <div class="configuration-method before">
                <span class="method-name">beforeMethod</span>
                <span class="method-start">203802 ms</span>
              </div> <!-- configuration-method before -->
              <div class="test-method">
                <img src="failed.png">
                </img>
                <span class="method-name">testSuccessfulImportFileToClient(Jason Lee, password1, Client7.6.16C, Dec 28 2016, C:\\testfolder\\uploadfiles\\, Import7.6C.xlsx, 7....)</span>
                <span class="method-start">209896 ms</span>
              </div> <!-- test-method -->
              <div class="configuration-method after">
                <span class="method-name">afterMethod</span>
                <span class="method-start">234722 ms</span>
              </div> <!-- configuration-method after -->
              <div class="configuration-method before">
                <span class="method-name">beforeMethod</span>
                <span class="method-start">236129 ms</span>
              </div> <!-- configuration-method before -->
              <div class="test-method">
                <img src="failed.png">
                </img>
                <span class="method-name">testSuccessfulAdminAddAttachment(Client7.6.16C, Jason Lee, password1, 7.6.16001, addingDocCCC, C:\\testfolder\\, TestCertInput1.xlsx)</span>
                <span class="method-start">240615 ms</span>
              </div> <!-- test-method -->
              <div class="configuration-method after">
                <span class="method-name">afterMethod</span>
                <span class="method-start">262330 ms</span>
              </div> <!-- configuration-method after -->
              <div class="configuration-method before">
                <span class="method-name">beforeMethod</span>
                <span class="method-start">263689 ms</span>
              </div> <!-- configuration-method before -->
              <div class="test-method">
                <img src="failed.png">
                </img>
                <span class="method-name">testSuccessfulAdminAddAttachment(Client7.6.16C, Jason Lee, password1, 7.6.16001, addingAttach22, C:\\testfolder\\, rock1.jpg)</span>
                <span class="method-start">268411 ms</span>
              </div> <!-- test-method -->
              <div class="configuration-method after">
                <span class="method-name">afterMethod</span>
                <span class="method-start">290582 ms</span>
              </div> <!-- configuration-method after -->
              <div class="configuration-method before">
                <span class="method-name">beforeMethod</span>
                <span class="method-start">291971 ms</span>
              </div> <!-- configuration-method before -->
              <div class="test-method">
                <img src="failed.png">
                </img>
                <span class="method-name">testSuccessfulAdminAddAttachment(Client7.6.16C, Jason Lee, password1, 7.6.16001, attach001, C:\\testfolder\\, gb3.jpg)</span>
                <span class="method-start">296679 ms</span>
              </div> <!-- test-method -->
              <div class="configuration-method after">
                <span class="method-name">afterMethod</span>
                <span class="method-start">318354 ms</span>
              </div> <!-- configuration-method after -->
              <div class="configuration-method before">
                <span class="method-name">beforeMethod</span>
                <span class="method-start">319724 ms</span>
              </div> <!-- configuration-method before -->
              <div class="test-method">
                <img src="failed.png">
                </img>
                <span class="method-name">testSuccessfulAdminAddAttachment(Client7.6.16C, Jason Lee, password1, 7.6.16001, attaching1, C:\\testfolder\\, kiar3.jpg)</span>
                <span class="method-start">324212 ms</span>
              </div> <!-- test-method -->
              <div class="configuration-method after">
                <span class="method-name">afterMethod</span>
                <span class="method-start">345892 ms</span>
              </div> <!-- configuration-method after -->
              <div class="configuration-method before">
                <span class="method-name">beforeMethod</span>
                <span class="method-start">347335 ms</span>
              </div> <!-- configuration-method before -->
              <div class="test-method">
                <img src="failed.png">
                </img>
                <span class="method-name">testSuccessfulAddAttachmentDBcheck(Client7.6.16C, Jason Lee, password1, 7.6.16002, addingAttach4, C:\\testfolder\\, gb1.jpg)</span>
                <span class="method-start">352129 ms</span>
              </div> <!-- test-method -->
              <div class="configuration-method after">
                <span class="method-name">afterMethod</span>
                <span class="method-start">373725 ms</span>
              </div> <!-- configuration-method after -->
              <div class="configuration-method before">
                <span class="method-name">beforeMethod</span>
                <span class="method-start">375074 ms</span>
              </div> <!-- configuration-method before -->
              <div class="test-method">
                <img src="failed.png">
                </img>
                <span class="method-name">testSuccessfulAddAttachmentDBcheck(Client7.6.16B, Jason Lee, password1, 7.6.16003, attachDoc4, C:\\testfolder\\, golgo13.PNG)</span>
                <span class="method-start">380958 ms</span>
              </div> <!-- test-method -->
              <div class="configuration-method after">
                <span class="method-name">afterMethod</span>
                <span class="method-start">402573 ms</span>
              </div> <!-- configuration-method after -->
              <div class="configuration-method before">
                <span class="method-name">beforeMethod</span>
                <span class="method-start">404173 ms</span>
              </div> <!-- configuration-method before -->
              <div class="test-method">
                <img src="failed.png">
                </img>
                <span class="method-name">testSuccessfulAddAttachmentDBcheck(Client7.6.16B, Jason Lee, password1, 7.6.16004, addRock4, C:\\testfolder\\, rock1.jpg)</span>
                <span class="method-start">410304 ms</span>
              </div> <!-- test-method -->
              <div class="configuration-method after">
                <span class="method-name">afterMethod</span>
                <span class="method-start">432936 ms</span>
              </div> <!-- configuration-method after -->
              <div class="configuration-method before">
                <span class="method-name">beforeMethod</span>
                <span class="method-start">434354 ms</span>
              </div> <!-- configuration-method before -->
              <div class="test-method">
                <span class="method-name">testSuccessfulNewUserCreationDBcheck(Jason Lee, password1, NewParaUserD0, Active, Paralegal, nothing, 771.111.2222, parauserAA@testing.co...)</span>
                <span class="method-start">441029 ms</span>
              </div> <!-- test-method -->
              <div class="configuration-method after">
                <span class="method-name">afterMethod</span>
                <span class="method-start">467853 ms</span>
              </div> <!-- configuration-method after -->
              <div class="configuration-method before">
                <span class="method-name">beforeMethod</span>
                <span class="method-start">469274 ms</span>
              </div> <!-- configuration-method before -->
              <div class="test-method">
                <span class="method-name">testSuccessfulNewUserCreationDBcheck(Jason Lee, password1, NewAdminUserD0, Active, Admin, nothing, 402.222.3333, newadminuserAA@testing.c...)</span>
                <span class="method-start">476241 ms</span>
              </div> <!-- test-method -->
              <div class="configuration-method after">
                <span class="method-name">afterMethod</span>
                <span class="method-start">503980 ms</span>
              </div> <!-- configuration-method after -->
              <div class="configuration-method before">
                <span class="method-name">beforeMethod</span>
                <span class="method-start">505458 ms</span>
              </div> <!-- configuration-method before -->
              <div class="test-method">
                <span class="method-name">testSuccessfulNewUserCreate(Jason Lee, password1, NewClientUserD0, Active, Client, Client7.6.16B, 770.330.1111, newclientAA@user...)</span>
                <span class="method-start">510267 ms</span>
              </div> <!-- test-method -->
              <div class="configuration-method after">
                <span class="method-name">afterMethod</span>
                <span class="method-start">541436 ms</span>
              </div> <!-- configuration-method after -->
              <div class="configuration-method before">
                <span class="method-name">beforeMethod</span>
                <span class="method-start">542827 ms</span>
              </div> <!-- configuration-method before -->
              <div class="test-method">
                <span class="method-name">testSuccessfulNewUserCreate(Jason Lee, password1, NewDataEntryUserD0, Active, Data Entry, nothing, 774.999.3456, newdataentryuse...)</span>
                <span class="method-start">547752 ms</span>
              </div> <!-- test-method -->
              <div class="configuration-method after">
                <span class="method-name">afterMethod</span>
                <span class="method-start">577809 ms</span>
              </div> <!-- configuration-method after -->
              <div class="configuration-method before">
                <span class="method-name">beforeMethod</span>
                <span class="method-start">579235 ms</span>
              </div> <!-- configuration-method before -->
              <div class="test-method">
                <span class="method-name">testSuccessfulLogIn(NewParaUserD0, password1)</span>
                <span class="method-start">583571 ms</span>
              </div> <!-- test-method -->
              <div class="configuration-method after">
                <span class="method-name">afterMethod</span>
                <span class="method-start">590616 ms</span>
              </div> <!-- configuration-method after -->
              <div class="configuration-method before">
                <span class="method-name">beforeMethod</span>
                <span class="method-start">592012 ms</span>
              </div> <!-- configuration-method before -->
              <div class="test-method">
                <span class="method-name">testSuccessfulLogIn(NewAdminUserD0, password1)</span>
                <span class="method-start">597689 ms</span>
              </div> <!-- test-method -->
              <div class="configuration-method after">
                <span class="method-name">afterMethod</span>
                <span class="method-start">604019 ms</span>
              </div> <!-- configuration-method after -->
              <div class="configuration-method before">
                <span class="method-name">beforeMethod</span>
                <span class="method-start">605421 ms</span>
              </div> <!-- configuration-method before -->
              <div class="test-method">
                <span class="method-name">testSuccessfulLogIn(NewClientUserD0, password1)</span>
                <span class="method-start">610722 ms</span>
              </div> <!-- test-method -->
              <div class="configuration-method after">
                <span class="method-name">afterMethod</span>
                <span class="method-start">621940 ms</span>
              </div> <!-- configuration-method after -->
              <div class="configuration-method before">
                <span class="method-name">beforeMethod</span>
                <span class="method-start">623330 ms</span>
              </div> <!-- configuration-method before -->
              <div class="test-method">
                <span class="method-name">testSuccessfulLogIn(NewDataEntryUserD0, password1)</span>
                <span class="method-start">628213 ms</span>
              </div> <!-- test-method -->
              <div class="configuration-method after">
                <span class="method-name">afterMethod</span>
                <span class="method-start">634950 ms</span>
              </div> <!-- configuration-method after -->
              <div class="configuration-method before">
                <span class="method-name">beforeMethod</span>
                <span class="method-start">636360 ms</span>
              </div> <!-- configuration-method before -->
              <div class="test-method">
                <span class="method-name">testSuccessfulLogOut(NewClientUserD0, password1)</span>
                <span class="method-start">641920 ms</span>
              </div> <!-- test-method -->
              <div class="configuration-method after">
                <span class="method-name">afterMethod</span>
                <span class="method-start">651022 ms</span>
              </div> <!-- configuration-method after -->
              <div class="configuration-method before">
                <span class="method-name">beforeMethod</span>
                <span class="method-start">652434 ms</span>
              </div> <!-- configuration-method before -->
              <div class="test-method">
                <img src="failed.png">
                </img>
                <span class="method-name">testSuccessfulSumSheetDownLoadFiref(NewClientUserD0, password1, 7.6.16003, C:\\testfolder\\SeleniumDownloads, golgo13.PNG)</span>
                <span class="method-start">659257 ms</span>
              </div> <!-- test-method -->
              <div class="configuration-method after">
                <span class="method-name">afterMethod</span>
                <span class="method-start">676129 ms</span>
              </div> <!-- configuration-method after -->
          </div> <!-- main-panel-content rounded-window-bottom -->
        </div> <!-- panel -->
      </div> <!-- main-panel-root -->
    </div> <!-- wrapper -->
  </body>
</html>
